#
# There is insufficient memory for the Java Runtime Environment to continue.
# Native memory allocation (malloc) failed to allocate 32744 bytes for ChunkPool::allocate
# Possible reasons:
#   The system is out of physical RAM or swap space
#   In 32 bit mode, the process size limit was hit
# Possible solutions:
#   Reduce memory load on the system
#   Increase physical memory or swap space
#   Check if swap backing store is full
#   Use 64 bit Java on a 64 bit OS
#   Decrease Java heap size (-Xmx/-Xms)
#   Decrease number of Java threads
#   Decrease Java thread stack sizes (-Xss)
#   Set larger code cache with -XX:ReservedCodeCacheSize=
# This output file may be truncated or incomplete.
#
#  Out of Memory Error (allocation.cpp:273), pid=8864, tid=0x0000000000001234
#
# JRE version: Java(TM) SE Runtime Environment (8.0_101-b13) (build 1.8.0_101-b13)
# Java VM: Java HotSpot(TM) 64-Bit Server VM (25.101-b13 mixed mode windows-amd64 compressed oops)
# Failed to write core dump. Minidumps are not enabled by default on client versions of Windows
#

---------------  T H R E A D  ---------------

Current thread (0x0000000054d42000):  JavaThread "C2 CompilerThread0" daemon [_thread_in_native, id=4660, stack(0x0000000056470000,0x0000000056570000)]

Stack: [0x0000000056470000,0x0000000056570000]
[error occurred during error reporting (printing stack bounds), id 0xc0000005]

Native frames: (J=compiled Java code, j=interpreted, Vv=VM code, C=native code)


Current CompileTask:
C2:   1709 1165   !   4       com.android.dx.cf.code.BytecodeArray::parseInstruction (2764 bytes)


---------------  P R O C E S S  ---------------

Java Threads: ( => current thread )
  0x00000000569eb000 JavaThread "pool-2-thread-4" [_thread_in_vm, id=612, stack(0x0000000057680000,0x0000000057780000)]
  0x00000000569e8800 JavaThread "pool-2-thread-3" [_thread_in_Java, id=6800, stack(0x0000000057530000,0x0000000057630000)]
  0x00000000569e8000 JavaThread "pool-2-thread-2" [_thread_blocked, id=7408, stack(0x0000000057330000,0x0000000057430000)]
  0x0000000056a01000 JavaThread "pool-3-thread-1" [_thread_blocked, id=3236, stack(0x0000000057080000,0x0000000057180000)]
  0x00000000569fe000 JavaThread "pool-2-thread-1" [_thread_blocked, id=8464, stack(0x0000000056f50000,0x0000000057050000)]
  0x00000000567ec000 JavaThread "Service Thread" daemon [_thread_blocked, id=8732, stack(0x0000000056d40000,0x0000000056e40000)]
  0x0000000054d45800 JavaThread "C1 CompilerThread2" daemon [_thread_blocked, id=6736, stack(0x0000000056660000,0x0000000056760000)]
  0x0000000054d44000 JavaThread "C2 CompilerThread1" daemon [_thread_in_native, id=2552, stack(0x0000000056200000,0x0000000056300000)]
=>0x0000000054d42000 JavaThread "C2 CompilerThread0" daemon [_thread_in_native, id=4660, stack(0x0000000056470000,0x0000000056570000)]
  0x0000000054d4e800 JavaThread "Attach Listener" daemon [_thread_blocked, id=8800, stack(0x0000000056300000,0x0000000056400000)]
  0x0000000054d4d000 JavaThread "Signal Dispatcher" daemon [_thread_blocked, id=3604, stack(0x0000000056090000,0x0000000056190000)]
  0x0000000054d29800 JavaThread "Finalizer" daemon [_thread_blocked, id=5212, stack(0x0000000055ef0000,0x0000000055ff0000)]
  0x0000000054ce2000 JavaThread "Reference Handler" daemon [_thread_blocked, id=8244, stack(0x0000000055c50000,0x0000000055d50000)]
  0x0000000001dae800 JavaThread "main" [_thread_blocked, id=7308, stack(0x0000000002100000,0x0000000002200000)]

Other Threads:
  0x0000000054cda800 VMThread [stack: 0x0000000055b20000,0x0000000055c20000] [id=3320]
  0x0000000056805000 WatcherThread [stack: 0x0000000056be0000,0x0000000056ce0000] [id=2156]

VM state:not at safepoint (normal execution)

VM Mutex/Monitor currently owned by a thread: None

Heap:
 PSYoungGen      total 17920K, used 12792K [0x00000000eab00000, 0x00000000ebf00000, 0x0000000100000000)
  eden space 15360K, 66% used [0x00000000eab00000,0x00000000eb500a10,0x00000000eba00000)
  from space 2560K, 99% used [0x00000000eba00000,0x00000000ebc7d620,0x00000000ebc80000)
  to   space 2560K, 0% used [0x00000000ebc80000,0x00000000ebc80000,0x00000000ebf00000)
 ParOldGen       total 40960K, used 1170K [0x00000000c0000000, 0x00000000c2800000, 0x00000000eab00000)
  object space 40960K, 2% used [0x00000000c0000000,0x00000000c01248a8,0x00000000c2800000)
 Metaspace       used 5854K, capacity 6896K, committed 7040K, reserved 1056768K
  class space    used 590K, capacity 616K, committed 640K, reserved 1048576K

Card table byte_map: [0x0000000011890000,0x0000000011aa0000] byte_map_base: 0x0000000011290000

Marking Bits: (ParMarkBitMap*) 0x000000007035a6d0
 Begin Bits: [0x0000000012150000, 0x0000000013150000)
 End Bits:   [0x0000000013150000, 0x0000000014150000)

Polling page: 0x0000000000210000

CodeCache: size=245760Kb used=4659Kb max_used=4659Kb free=241100Kb
 bounds [0x00000000024d0000, 0x0000000002970000, 0x00000000114d0000]
 total_blobs=1457 nmethods=1194 adapters=176
 compilation: enabled

Compilation events (10 events):
Event: 1.637 Thread 0x0000000054d45800 nmethod 1191 0x000000000295fbd0 code [0x000000000295fe80, 0x0000000002960f98]
Event: 1.638 Thread 0x0000000054d45800 1193       3       com.android.dx.cf.code.OneLocalsArray::getMaxLocals (6 bytes)
Event: 1.638 Thread 0x0000000054d45800 nmethod 1193 0x0000000002957650 code [0x00000000029577a0, 0x00000000029578f0]
Event: 1.638 Thread 0x0000000054d45800 1194       1       com.android.dx.cf.code.OneLocalsArray::getOrNull (7 bytes)
Event: 1.638 Thread 0x0000000054d45800 nmethod 1194 0x0000000002958ed0 code [0x0000000002959020, 0x0000000002959150]
Event: 1.690 Thread 0x0000000054d45800 1195       3       com.android.dx.cf.code.Ropper::getSpecialLabel (20 bytes)
Event: 1.690 Thread 0x0000000054d45800 nmethod 1195 0x0000000002958810 code [0x0000000002958980, 0x0000000002958d50]
Event: 1.690 Thread 0x0000000054d45800 1196       3       com.android.dx.ssa.SsaConverter::edgeSplitSuccessors (98 bytes)
Event: 1.691 Thread 0x0000000054d44000 1197       4       com.android.dx.ssa.SCCP::simulateStmt (481 bytes)
Event: 1.692 Thread 0x0000000054d45800 nmethod 1196 0x0000000002961b50 code [0x0000000002961dc0, 0x0000000002962bc8]

GC Heap History (2 events):
Event: 0.942 GC heap before
{Heap before GC invocations=1 (full 0):
 PSYoungGen      total 17920K, used 15360K [0x00000000eab00000, 0x00000000ebf00000, 0x0000000100000000)
  eden space 15360K, 100% used [0x00000000eab00000,0x00000000eba00000,0x00000000eba00000)
  from space 2560K, 0% used [0x00000000ebc80000,0x00000000ebc80000,0x00000000ebf00000)
  to   space 2560K, 0% used [0x00000000eba00000,0x00000000eba00000,0x00000000ebc80000)
 ParOldGen       total 40960K, used 0K [0x00000000c0000000, 0x00000000c2800000, 0x00000000eab00000)
  object space 40960K, 0% used [0x00000000c0000000,0x00000000c0000000,0x00000000c2800000)
 Metaspace       used 5607K, capacity 6704K, committed 6784K, reserved 1056768K
  class space    used 588K, capacity 616K, committed 640K, reserved 1048576K
Event: 1.163 GC heap after
Heap after GC invocations=1 (full 0):
 PSYoungGen      total 17920K, used 2549K [0x00000000eab00000, 0x00000000ebf00000, 0x0000000100000000)
  eden space 15360K, 0% used [0x00000000eab00000,0x00000000eab00000,0x00000000eba00000)
  from space 2560K, 99% used [0x00000000eba00000,0x00000000ebc7d620,0x00000000ebc80000)
  to   space 2560K, 0% used [0x00000000ebc80000,0x00000000ebc80000,0x00000000ebf00000)
 ParOldGen       total 40960K, used 1170K [0x00000000c0000000, 0x00000000c2800000, 0x00000000eab00000)
  object space 40960K, 2% used [0x00000000c0000000,0x00000000c01248a8,0x00000000c2800000)
 Metaspace       used 5607K, capacity 6704K, committed 6784K, reserved 1056768K
  class space    used 588K, capacity 616K, committed 640K, reserved 1048576K
}

Deoptimization events (6 events):
Event: 0.693 Thread 0x00000000569e8000 Uncommon trap: reason=unstable_if action=reinterpret pc=0x00000000026cfbac method=java.util.HashMap.getNode(ILjava/lang/Object;)Ljava/util/HashMap$Node; @ 62
Event: 0.876 Thread 0x00000000569fe000 Uncommon trap: reason=unstable_if action=reinterpret pc=0x00000000027360a4 method=com.android.dx.ssa.SsaMethod.getExitBlock()Lcom/android/dx/ssa/SsaBasicBlock; @ 4
Event: 1.192 Thread 0x00000000569fe000 Uncommon trap: reason=unstable_if action=reinterpret pc=0x00000000026d8820 method=java.util.BitSet.nextSetBit(I)I @ 87
Event: 1.203 Thread 0x00000000569fe000 Uncommon trap: reason=unstable_if action=reinterpret pc=0x000000000270da64 method=java.util.BitSet.ensureCapacity(I)V @ 6
Event: 1.226 Thread 0x00000000569e8000 Uncommon trap: reason=bimorphic action=maybe_recompile pc=0x000000000270cc8c method=java.util.HashMap.getNode(ILjava/lang/Object;)Ljava/util/HashMap$Node; @ 126
Event: 1.518 Thread 0x00000000569e8800 Uncommon trap: reason=unstable_if action=reinterpret pc=0x000000000272fdc4 method=com.android.dx.rop.cst.Constant.compareTo(Lcom/android/dx/rop/cst/Constant;)I @ 12

Internal exceptions (2 events):
Event: 0.092 Thread 0x0000000001dae800 Exception <a 'java/lang/NoSuchMethodError': Method sun.misc.Unsafe.defineClass(Ljava/lang/String;[BII)Ljava/lang/Class; name or signature does not match> (0x00000000eab07cc0) thrown at [C:\re\workspace\8-2-build-windows-amd64-cygwin\jdk8u101\7261\hotspot\sÓªZåbŸ·?
Event: 0.092 Thread 0x0000000001dae800 Exception <a 'java/lang/NoSuchMethodError': Method sun.misc.Unsafe.prefetchRead(Ljava/lang/Object;J)V name or signature does not match> (0x00000000eab07fa8) thrown at [C:\re\workspace\8-2-build-windows-amd64-cygwin\jdk8u101\7261\hotspot\src\share\vm\prims\

Events (10 events):
Event: 1.226 Thread 0x00000000569e8000 DEOPT UNPACKING pc=0x000000000251582a sp=0x000000005742eb78 mode 2
Event: 1.249 loading class com/android/dx/cf/code/SwitchList
Event: 1.249 loading class com/android/dx/cf/code/SwitchList done
Event: 1.433 loading class com/android/dx/cf/attrib/AttLocalVariableTypeTable
Event: 1.433 loading class com/android/dx/cf/attrib/AttLocalVariableTypeTable done
Event: 1.518 Thread 0x00000000569e8800 Uncommon trap: trap_request=0xffffff65 fr.pc=0x000000000272fdc4
Event: 1.518 Thread 0x00000000569e8800 DEOPT PACKING pc=0x000000000272fdc4 sp=0x000000005762ea30
Event: 1.518 Thread 0x00000000569e8800 DEOPT UNPACKING pc=0x000000000251582a sp=0x000000005762e9d0 mode 2
Event: 1.638 Executing VM operation: ForceSafepoint
Event: 1.687 Executing VM operation: ForceSafepoint done


Dynamic libraries:
0x000000013f4d0000 - 0x000000013f507000 	C:\Program Files\Java\jdk1.8.0_101\bin\java.exe
0x0000000076f00000 - 0x00000000770aa000 	C:\windows\SYSTEM32\ntdll.dll
0x0000000076de0000 - 0x0000000076eff000 	C:\windows\system32\kernel32.dll
0x000007fefcef0000 - 0x000007fefcf5a000 	C:\windows\system32\KERNELBASE.dll
0x000007fefd7d0000 - 0x000007fefd8ab000 	C:\windows\system32\ADVAPI32.dll
0x000007fefe8b0000 - 0x000007fefe94f000 	C:\windows\system32\msvcrt.dll
0x000007fefec80000 - 0x000007fefec9f000 	C:\windows\SYSTEM32\sechost.dll
0x000007fefd3d0000 - 0x000007fefd4fd000 	C:\windows\system32\RPCRT4.dll
0x0000000076ce0000 - 0x0000000076dda000 	C:\windows\system32\USER32.dll
0x000007feff0c0000 - 0x000007feff127000 	C:\windows\system32\GDI32.dll
0x000007fefebd0000 - 0x000007fefebde000 	C:\windows\system32\LPK.dll
0x000007fefede0000 - 0x000007fefeeaa000 	C:\windows\system32\USP10.dll
0x000007fef7be0000 - 0x000007fef7dd4000 	C:\windows\WinSxS\amd64_microsoft.windows.common-controls_6595b64144ccf1df_6.0.7601.18837_none_fa3b1e3d17594757\COMCTL32.dll
0x000007fefd330000 - 0x000007fefd3a1000 	C:\windows\system32\SHLWAPI.dll
0x000007fefedb0000 - 0x000007fefedde000 	C:\windows\system32\IMM32.DLL
0x000007fefeca0000 - 0x000007fefeda9000 	C:\windows\system32\MSCTF.dll
0x000000005b940000 - 0x000000005ba12000 	C:\Program Files\Java\jdk1.8.0_101\jre\bin\msvcr100.dll
0x000000006fb40000 - 0x00000000703da000 	C:\Program Files\Java\jdk1.8.0_101\jre\bin\server\jvm.dll
0x000007fef4860000 - 0x000007fef4869000 	C:\windows\system32\WSOCK32.dll
0x000007fefd2d0000 - 0x000007fefd31d000 	C:\windows\system32\WS2_32.dll
0x000007fefd320000 - 0x000007fefd328000 	C:\windows\system32\NSI.dll
0x000007fef8090000 - 0x000007fef80cb000 	C:\windows\system32\WINMM.dll
0x000007fefbcb0000 - 0x000007fefbcbc000 	C:\windows\system32\VERSION.dll
0x00000000770c0000 - 0x00000000770c7000 	C:\windows\system32\PSAPI.DLL
0x0000000070570000 - 0x000000007057f000 	C:\Program Files\Java\jdk1.8.0_101\jre\bin\verify.dll
0x000000006d280000 - 0x000000006d2a9000 	C:\Program Files\Java\jdk1.8.0_101\jre\bin\java.dll
0x0000000070ce0000 - 0x0000000070cf6000 	C:\Program Files\Java\jdk1.8.0_101\jre\bin\zip.dll
0x000007fefdb20000 - 0x000007fefe8ac000 	C:\windows\system32\SHELL32.dll
0x000007fefeeb0000 - 0x000007feff0b3000 	C:\windows\system32\ole32.dll
0x000007fefcc30000 - 0x000007fefcc3f000 	C:\windows\system32\profapi.dll

VM Arguments:
jvm_args: -Djava.awt.headless=true -Xmx1024M -Dfile.encoding=windows-1250 -Duser.country=GB -Duser.language=en -Duser.variant 
java_command: com.android.dx.command.Main --dex --force-jumbo --num-threads=4 --multi-dex --output C:\Users\Jan\Documents\GitHub\jwdj\HackCMU16jwdj\app\build\intermediates\transforms\dex\debug\folders\1000\10\com.android.support-support-core-ui-24.2.1_ce0f82dbe3e5c6d0b663e0f16b0d823c604d94e9 C:\Users\Jan\Documents\GitHub\jwdj\HackCMU16jwdj\app\build\intermediates\exploded-aar\com.android.support\support-core-ui\24.2.1\jars\classes.jar
java_class_path (initial): C:\Users\Jan\AppData\Local\Android\sdk\build-tools\24.0.2\lib\dx.jar
Launcher Type: SUN_STANDARD

Environment Variables:
PATH=C:\ProgramData\Oracle\Java\javapath;C:\Program Files\Java\jdk1.8.0_101\bin;C:\Windows\system32;C:\Program Files\Microsoft SQL Server\110\Tools\Binn\;C:\Program Files\gradle-1.12\bin;C:\ProgramData\chocolatey\bin;C:\tools\Miniconda3;C:\tools\Miniconda3\Scripts;C:\Program Files (x86)\PharosSystems\Core;C:\Program Files (x86)\PuTTY\;C:\Program Files (x86)\MiKTeX 2.9\miktex\bin\;C:\Program Files\nodejs\;C:\Program Files\Git\cmd;C:\Program Files\Git\bin;C:\windows\System32\WindowsPowerShell\v1.0\;C:\tools\cmdermini;C:\Users\Jan\AppData\Roaming\npm;C:\Program Files\Java\jdk1.8.0_101\bin
USERNAME=Jan
OS=Windows_NT
PROCESSOR_IDENTIFIER=Intel64 Family 6 Model 58 Stepping 9, GenuineIntel



---------------  S Y S T E M  ---------------

OS: Windows 7 , 64 bit Build 7601 (6.1.7601.23539)

CPU:total 4 (2 cores per cpu, 2 threads per core) family 6 model 58 stepping 9, cmov, cx8, fxsr, mmx, sse, sse2, sse3, ssse3, sse4.1, sse4.2, popcnt, avx, aes, clmul, erms, ht, tsc, tscinvbit, tscinv

Memory: 4k page, physical 3888676k(86592k free), swap 8717192k(5308k free)

vm_info: Java HotSpot(TM) 64-Bit Server VM (25.101-b13) for windows-amd64 JRE (1.8.0_101-b13), built on Jun 22 2016 01:21:29 by "java_re" with MS VC++ 10.0 (VS2010)

time: Sat Sep 17 01:50:16 2016
elapsed time: 1 seconds (0d 0h 0m 1s)

