#
# There is insufficient memory for the Java Runtime Environment to continue.
# Native memory allocation (malloc) failed to allocate 656656 bytes for Chunk::new
# Possible reasons:
#   The system is out of physical RAM or swap space
#   In 32 bit mode, the process size limit was hit
# Possible solutions:
#   Reduce memory load on the system
#   Increase physical memory or swap space
#   Check if swap backing store is full
#   Use 64 bit Java on a 64 bit OS
#   Decrease Java heap size (-Xmx/-Xms)
#   Decrease number of Java threads
#   Decrease Java thread stack sizes (-Xss)
#   Set larger code cache with -XX:ReservedCodeCacheSize=
# This output file may be truncated or incomplete.
#
#  Out of Memory Error (allocation.cpp:390), pid=6444, tid=0x0000000000001008
#
# JRE version: Java(TM) SE Runtime Environment (8.0_101-b13) (build 1.8.0_101-b13)
# Java VM: Java HotSpot(TM) 64-Bit Server VM (25.101-b13 mixed mode windows-amd64 compressed oops)
# Failed to write core dump. Minidumps are not enabled by default on client versions of Windows
#

---------------  T H R E A D  ---------------

Current thread (0x0000000054ef9000):  JavaThread "C2 CompilerThread0" daemon [_thread_in_native, id=4104, stack(0x00000000564c0000,0x00000000565c0000)]

Stack: [0x00000000564c0000,0x00000000565c0000]
[error occurred during error reporting (printing stack bounds), id 0xc0000005]

Native frames: (J=compiled Java code, j=interpreted, Vv=VM code, C=native code)


Current CompileTask:
C2:   6456 1479       4       com.android.dx.ssa.SsaRenamer$BlockRenamer::process (191 bytes)


---------------  P R O C E S S  ---------------

Java Threads: ( => current thread )
  0x0000000056bd1800 JavaThread "pool-2-thread-4" [_thread_blocked, id=9176, stack(0x0000000057490000,0x0000000057590000)]
  0x0000000056cb1000 JavaThread "pool-2-thread-3" [_thread_blocked, id=3760, stack(0x0000000057320000,0x0000000057420000)]
  0x0000000056b6a000 JavaThread "pool-2-thread-2" [_thread_blocked, id=2192, stack(0x00000000571c0000,0x00000000572c0000)]
  0x0000000056b69800 JavaThread "pool-3-thread-1" [_thread_blocked, id=5376, stack(0x0000000056fc0000,0x00000000570c0000)]
  0x0000000056b68800 JavaThread "pool-2-thread-1" [_thread_blocked, id=4080, stack(0x0000000056d10000,0x0000000056e10000)]
  0x0000000056954000 JavaThread "Service Thread" daemon [_thread_blocked, id=5208, stack(0x0000000056e10000,0x0000000056f10000)]
  0x0000000054efc000 JavaThread "C1 CompilerThread2" daemon [_thread_blocked, id=7640, stack(0x00000000567f0000,0x00000000568f0000)]
  0x0000000054efb000 JavaThread "C2 CompilerThread1" daemon [_thread_blocked, id=8160, stack(0x00000000566b0000,0x00000000567b0000)]
=>0x0000000054ef9000 JavaThread "C2 CompilerThread0" daemon [_thread_in_native, id=4104, stack(0x00000000564c0000,0x00000000565c0000)]
  0x0000000054ef2800 JavaThread "Attach Listener" daemon [_thread_blocked, id=5768, stack(0x00000000563b0000,0x00000000564b0000)]
  0x0000000054ef1000 JavaThread "Signal Dispatcher" daemon [_thread_blocked, id=2792, stack(0x0000000056110000,0x0000000056210000)]
  0x0000000054ed9800 JavaThread "Finalizer" daemon [_thread_blocked, id=4000, stack(0x0000000056000000,0x0000000056100000)]
  0x0000000054e92000 JavaThread "Reference Handler" daemon [_thread_blocked, id=8048, stack(0x0000000055cf0000,0x0000000055df0000)]
  0x0000000001f0e800 JavaThread "main" [_thread_blocked, id=5808, stack(0x0000000001f50000,0x0000000002050000)]

Other Threads:
  0x0000000054e8a800 VMThread [stack: 0x0000000055e50000,0x0000000055f50000] [id=7264]
  0x0000000056950000 WatcherThread [stack: 0x0000000056270000,0x0000000056370000] [id=4144]

VM state:not at safepoint (normal execution)

VM Mutex/Monitor currently owned by a thread: None

Heap:
 PSYoungGen      total 33280K, used 30472K [0x00000000eab00000, 0x00000000ece00000, 0x0000000100000000)
  eden space 30720K, 90% used [0x00000000eab00000,0x00000000ec649fc8,0x00000000ec900000)
  from space 2560K, 98% used [0x00000000ecb80000,0x00000000ecdf8038,0x00000000ece00000)
  to   space 2560K, 0% used [0x00000000ec900000,0x00000000ec900000,0x00000000ecb80000)
 ParOldGen       total 40960K, used 1919K [0x00000000c0000000, 0x00000000c2800000, 0x00000000eab00000)
  object space 40960K, 4% used [0x00000000c0000000,0x00000000c01dfd50,0x00000000c2800000)
 Metaspace       used 5969K, capacity 7024K, committed 7296K, reserved 1056768K
  class space    used 589K, capacity 616K, committed 640K, reserved 1048576K

Card table byte_map: [0x0000000011790000,0x00000000119a0000] byte_map_base: 0x0000000011190000

Marking Bits: (ParMarkBitMap*) 0x000000007035a6d0
 Begin Bits: [0x0000000012300000, 0x0000000013300000)
 End Bits:   [0x0000000013300000, 0x0000000014300000)

Polling page: 0x0000000000410000

CodeCache: size=245760Kb used=6426Kb max_used=6438Kb free=239333Kb
 bounds [0x00000000023d0000, 0x0000000002a20000, 0x00000000113d0000]
 total_blobs=1744 nmethods=1480 adapters=176
 compilation: enabled

Compilation events (10 events):
Event: 6.220 Thread 0x0000000054efc000 1476       3       com.android.dx.cf.iface.StdField::<init> (10 bytes)
Event: 6.220 Thread 0x0000000054efc000 nmethod 1476 0x00000000029f43d0 code [0x00000000029f4540, 0x00000000029f46c8]
Event: 6.239 Thread 0x0000000054efc000 1478       3       com.android.dx.cf.direct.DirectClassFile::getThisClass (9 bytes)
Event: 6.240 Thread 0x0000000054efc000 nmethod 1478 0x0000000002a09690 code [0x0000000002a09800, 0x0000000002a09a48]
Event: 6.242 Thread 0x0000000054ef9000 1479       4       com.android.dx.ssa.SsaRenamer$BlockRenamer::process (191 bytes)
Event: 6.242 Thread 0x0000000054efb000 1480       4       com.android.dx.rop.code.LocalItem::equals (29 bytes)
Event: 6.244 Thread 0x0000000054efc000 1482       3       com.android.dx.ssa.PhiInsn::mapSourceRegisters (78 bytes)
Event: 6.245 Thread 0x0000000054efc000 nmethod 1482 0x0000000002a1ac50 code [0x0000000002a1ae40, 0x0000000002a1b7c8]
Event: 6.246 Thread 0x0000000054efb000 nmethod 1480 0x0000000002a08ed0 code [0x0000000002a09020, 0x0000000002a09318]
Event: 6.246 Thread 0x0000000054efb000 1481       4       com.android.dx.ssa.SsaMethod::forEachBlockDepthFirst (194 bytes)

GC Heap History (4 events):
Event: 1.636 GC heap before
{Heap before GC invocations=1 (full 0):
 PSYoungGen      total 17920K, used 15360K [0x00000000eab00000, 0x00000000ebf00000, 0x0000000100000000)
  eden space 15360K, 100% used [0x00000000eab00000,0x00000000eba00000,0x00000000eba00000)
  from space 2560K, 0% used [0x00000000ebc80000,0x00000000ebc80000,0x00000000ebf00000)
  to   space 2560K, 0% used [0x00000000eba00000,0x00000000eba00000,0x00000000ebc80000)
 ParOldGen       total 40960K, used 0K [0x00000000c0000000, 0x00000000c2800000, 0x00000000eab00000)
  object space 40960K, 0% used [0x00000000c0000000,0x00000000c0000000,0x00000000c2800000)
 Metaspace       used 5276K, capacity 6448K, committed 6528K, reserved 1056768K
  class space    used 584K, capacity 616K, committed 640K, reserved 1048576K
Event: 1.839 GC heap after
Heap after GC invocations=1 (full 0):
 PSYoungGen      total 17920K, used 2529K [0x00000000eab00000, 0x00000000ece00000, 0x0000000100000000)
  eden space 15360K, 0% used [0x00000000eab00000,0x00000000eab00000,0x00000000eba00000)
  from space 2560K, 98% used [0x00000000eba00000,0x00000000ebc78450,0x00000000ebc80000)
  to   space 2560K, 0% used [0x00000000ecb80000,0x00000000ecb80000,0x00000000ece00000)
 ParOldGen       total 40960K, used 599K [0x00000000c0000000, 0x00000000c2800000, 0x00000000eab00000)
  object space 40960K, 1% used [0x00000000c0000000,0x00000000c0095db0,0x00000000c2800000)
 Metaspace       used 5276K, capacity 6448K, committed 6528K, reserved 1056768K
  class space    used 584K, capacity 616K, committed 640K, reserved 1048576K
}
Event: 4.083 GC heap before
{Heap before GC invocations=2 (full 0):
 PSYoungGen      total 17920K, used 17889K [0x00000000eab00000, 0x00000000ece00000, 0x0000000100000000)
  eden space 15360K, 100% used [0x00000000eab00000,0x00000000eba00000,0x00000000eba00000)
  from space 2560K, 98% used [0x00000000eba00000,0x00000000ebc78450,0x00000000ebc80000)
  to   space 2560K, 0% used [0x00000000ecb80000,0x00000000ecb80000,0x00000000ece00000)
 ParOldGen       total 40960K, used 599K [0x00000000c0000000, 0x00000000c2800000, 0x00000000eab00000)
  object space 40960K, 1% used [0x00000000c0000000,0x00000000c0095db0,0x00000000c2800000)
 Metaspace       used 5837K, capacity 6896K, committed 7040K, reserved 1056768K
  class space    used 589K, capacity 616K, committed 640K, reserved 1048576K
Event: 4.124 GC heap after
Heap after GC invocations=2 (full 0):
 PSYoungGen      total 33280K, used 2528K [0x00000000eab00000, 0x00000000ece00000, 0x0000000100000000)
  eden space 30720K, 0% used [0x00000000eab00000,0x00000000eab00000,0x00000000ec900000)
  from space 2560K, 98% used [0x00000000ecb80000,0x00000000ecdf8038,0x00000000ece00000)
  to   space 2560K, 0% used [0x00000000ec900000,0x00000000ec900000,0x00000000ecb80000)
 ParOldGen       total 40960K, used 1919K [0x00000000c0000000, 0x00000000c2800000, 0x00000000eab00000)
  object space 40960K, 4% used [0x00000000c0000000,0x00000000c01dfd50,0x00000000c2800000)
 Metaspace       used 5837K, capacity 6896K, committed 7040K, reserved 1056768K
  class space    used 589K, capacity 616K, committed 640K, reserved 1048576K
}

Deoptimization events (10 events):
Event: 3.503 Thread 0x0000000056b6a000 Uncommon trap: reason=unstable_if action=reinterpret pc=0x00000000026ffa5c method=com.android.dx.rop.code.RegisterSpecSet.put(Lcom/android/dx/rop/code/RegisterSpec;)V @ 77
Event: 3.503 Thread 0x0000000056b6a000 Uncommon trap: reason=unstable_if action=reinterpret pc=0x000000000276db58 method=com.android.dx.rop.code.RegisterSpecSet.put(Lcom/android/dx/rop/code/RegisterSpec;)V @ 77
Event: 4.823 Thread 0x0000000056bd1800 Uncommon trap: reason=bimorphic action=maybe_recompile pc=0x00000000028a6cc8 method=com.android.dx.cf.code.BytecodeArray.parseInstruction(ILcom/android/dx/cf/code/BytecodeArray$Visitor;)I @ 2484
Event: 4.823 Thread 0x0000000056bd1800 Uncommon trap: reason=bimorphic action=maybe_recompile pc=0x00000000028a6cc8 method=com.android.dx.cf.code.BytecodeArray.parseInstruction(ILcom/android/dx/cf/code/BytecodeArray$Visitor;)I @ 2484
Event: 4.936 Thread 0x0000000056bd1800 Uncommon trap: reason=unstable_if action=reinterpret pc=0x000000000291f2a0 method=com.android.dx.ssa.SCCP.simulateBranch(Lcom/android/dx/ssa/SsaInsn;)V @ 107
Event: 5.464 Thread 0x0000000056b68800 Uncommon trap: reason=unstable_if action=reinterpret pc=0x000000000266af04 method=com.android.dx.rop.cst.Constant.compareTo(Lcom/android/dx/rop/cst/Constant;)I @ 12
Event: 5.508 Thread 0x0000000056b68800 Uncommon trap: reason=unstable_if action=reinterpret pc=0x000000000294f168 method=com.android.dx.rop.code.RegisterSpecSet.localItemToSpec(Lcom/android/dx/rop/code/LocalItem;)Lcom/android/dx/rop/code/RegisterSpec; @ 35
Event: 5.511 Thread 0x0000000056b68800 Uncommon trap: reason=bimorphic action=maybe_recompile pc=0x000000000263301c method=java.util.HashMap.getNode(ILjava/lang/Object;)Ljava/util/HashMap$Node; @ 126
Event: 5.511 Thread 0x0000000056b68800 Uncommon trap: reason=bimorphic action=maybe_recompile pc=0x0000000002631698 method=java.util.HashMap.getNode(ILjava/lang/Object;)Ljava/util/HashMap$Node; @ 126
Event: 6.240 Thread 0x0000000056b68800 Uncommon trap: reason=null_check action=make_not_entrant pc=0x000000000295ebbc method=com.android.dx.ssa.SsaRenamer.getLocalForNewReg(I)Lcom/android/dx/rop/code/LocalItem; @ 19

Internal exceptions (3 events):
Event: 0.561 Thread 0x0000000001f0e800 Exception <a 'java/lang/NoSuchMethodError': Method sun.misc.Unsafe.defineClass(Ljava/lang/String;[BII)Ljava/lang/Class; name or signature does not match> (0x00000000eab07cc0) thrown at [C:\re\workspace\8-2-build-windows-amd64-cygwin\jdk8u101\7261\hotspot\s¿è'ãÿ·?
Event: 0.561 Thread 0x0000000001f0e800 Exception <a 'java/lang/NoSuchMethodError': Method sun.misc.Unsafe.prefetchRead(Ljava/lang/Object;J)V name or signature does not match> (0x00000000eab07fa8) thrown at [C:\re\workspace\8-2-build-windows-amd64-cygwin\jdk8u101\7261\hotspot\src\share\vm\prims\F/F©ı@
Event: 6.240 Thread 0x0000000056b68800 Implicit null exception at 0x000000000295c8f5 to 0x000000000295eb8d

Events (10 events):
Event: 5.508 Thread 0x0000000056b68800 DEOPT UNPACKING pc=0x000000000241582a sp=0x0000000056e0eb08 mode 2
Event: 5.511 Thread 0x0000000056b68800 Uncommon trap: trap_request=0xffffffc6 fr.pc=0x000000000263301c
Event: 5.511 Thread 0x0000000056b68800 DEOPT PACKING pc=0x000000000263301c sp=0x0000000056e0ea80
Event: 5.511 Thread 0x0000000056b68800 DEOPT UNPACKING pc=0x000000000241582a sp=0x0000000056e0ea00 mode 2
Event: 5.511 Thread 0x0000000056b68800 Uncommon trap: trap_request=0xffffffc6 fr.pc=0x0000000002631698
Event: 5.511 Thread 0x0000000056b68800 DEOPT PACKING pc=0x0000000002631698 sp=0x0000000056e0eab0
Event: 5.511 Thread 0x0000000056b68800 DEOPT UNPACKING pc=0x000000000241582a sp=0x0000000056e0e9c8 mode 2
Event: 6.240 Thread 0x0000000056b68800 Uncommon trap: trap_request=0xfffffff4 fr.pc=0x000000000295ebbc
Event: 6.240 Thread 0x0000000056b68800 DEOPT PACKING pc=0x000000000295ebbc sp=0x0000000056e0eab0
Event: 6.240 Thread 0x0000000056b68800 DEOPT UNPACKING pc=0x000000000241582a sp=0x0000000056e0e850 mode 2


Dynamic libraries:
0x000000013f080000 - 0x000000013f0b7000 	C:\Program Files\Java\jdk1.8.0_101\bin\java.exe
0x0000000076f00000 - 0x00000000770aa000 	C:\windows\SYSTEM32\ntdll.dll
0x0000000076de0000 - 0x0000000076eff000 	C:\windows\system32\kernel32.dll
0x000007fefcef0000 - 0x000007fefcf5a000 	C:\windows\system32\KERNELBASE.dll
0x000007fefd7d0000 - 0x000007fefd8ab000 	C:\windows\system32\ADVAPI32.dll
0x000007fefe8b0000 - 0x000007fefe94f000 	C:\windows\system32\msvcrt.dll
0x000007fefec80000 - 0x000007fefec9f000 	C:\windows\SYSTEM32\sechost.dll
0x000007fefd3d0000 - 0x000007fefd4fd000 	C:\windows\system32\RPCRT4.dll
0x0000000076ce0000 - 0x0000000076dda000 	C:\windows\system32\USER32.dll
0x000007feff0c0000 - 0x000007feff127000 	C:\windows\system32\GDI32.dll
0x000007fefebd0000 - 0x000007fefebde000 	C:\windows\system32\LPK.dll
0x000007fefede0000 - 0x000007fefeeaa000 	C:\windows\system32\USP10.dll
0x000007fef7be0000 - 0x000007fef7dd4000 	C:\windows\WinSxS\amd64_microsoft.windows.common-controls_6595b64144ccf1df_6.0.7601.18837_none_fa3b1e3d17594757\COMCTL32.dll
0x000007fefd330000 - 0x000007fefd3a1000 	C:\windows\system32\SHLWAPI.dll
0x000007fefedb0000 - 0x000007fefedde000 	C:\windows\system32\IMM32.DLL
0x000007fefeca0000 - 0x000007fefeda9000 	C:\windows\system32\MSCTF.dll
0x000000005b940000 - 0x000000005ba12000 	C:\Program Files\Java\jdk1.8.0_101\jre\bin\msvcr100.dll
0x000000006fb40000 - 0x00000000703da000 	C:\Program Files\Java\jdk1.8.0_101\jre\bin\server\jvm.dll
0x000007fef4860000 - 0x000007fef4869000 	C:\windows\system32\WSOCK32.dll
0x000007fefd2d0000 - 0x000007fefd31d000 	C:\windows\system32\WS2_32.dll
0x000007fefd320000 - 0x000007fefd328000 	C:\windows\system32\NSI.dll
0x000007fef8090000 - 0x000007fef80cb000 	C:\windows\system32\WINMM.dll
0x000007fefbcb0000 - 0x000007fefbcbc000 	C:\windows\system32\VERSION.dll
0x00000000770c0000 - 0x00000000770c7000 	C:\windows\system32\PSAPI.DLL
0x0000000070570000 - 0x000000007057f000 	C:\Program Files\Java\jdk1.8.0_101\jre\bin\verify.dll
0x000000006d280000 - 0x000000006d2a9000 	C:\Program Files\Java\jdk1.8.0_101\jre\bin\java.dll
0x0000000070ce0000 - 0x0000000070cf6000 	C:\Program Files\Java\jdk1.8.0_101\jre\bin\zip.dll
0x000007fefdb20000 - 0x000007fefe8ac000 	C:\windows\system32\SHELL32.dll
0x000007fefeeb0000 - 0x000007feff0b3000 	C:\windows\system32\ole32.dll
0x000007fefcc30000 - 0x000007fefcc3f000 	C:\windows\system32\profapi.dll

VM Arguments:
jvm_args: -Djava.awt.headless=true -Xmx1024M -Dfile.encoding=windows-1250 -Duser.country=GB -Duser.language=en -Duser.variant 
java_command: com.android.dx.command.Main --dex --force-jumbo --num-threads=4 --multi-dex --output C:\Users\Jan\Documents\GitHub\jwdj\HackCMU16jwdj\app\build\intermediates\transforms\dex\debug\folders\1000\10\com.android.support-appcompat-v7-24.2.1_7c304a58a1990f6a5559eb40b3a67e92e05f3e14 C:\Users\Jan\Documents\GitHub\jwdj\HackCMU16jwdj\app\build\intermediates\exploded-aar\com.android.support\appcompat-v7\24.2.1\jars\classes.jar
java_class_path (initial): C:\Users\Jan\AppData\Local\Android\sdk\build-tools\24.0.2\lib\dx.jar
Launcher Type: SUN_STANDARD

Environment Variables:
PATH=C:\ProgramData\Oracle\Java\javapath;C:\Program Files\Java\jdk1.8.0_101\bin;C:\Windows\system32;C:\Program Files\Microsoft SQL Server\110\Tools\Binn\;C:\Program Files\gradle-1.12\bin;C:\ProgramData\chocolatey\bin;C:\tools\Miniconda3;C:\tools\Miniconda3\Scripts;C:\Program Files (x86)\PharosSystems\Core;C:\Program Files (x86)\PuTTY\;C:\Program Files (x86)\MiKTeX 2.9\miktex\bin\;C:\Program Files\nodejs\;C:\Program Files\Git\cmd;C:\Program Files\Git\bin;C:\windows\System32\WindowsPowerShell\v1.0\;C:\tools\cmdermini;C:\Users\Jan\AppData\Roaming\npm;C:\Program Files\Java\jdk1.8.0_101\bin
USERNAME=Jan
OS=Windows_NT
PROCESSOR_IDENTIFIER=Intel64 Family 6 Model 58 Stepping 9, GenuineIntel



---------------  S Y S T E M  ---------------

OS: Windows 7 , 64 bit Build 7601 (6.1.7601.23539)

CPU:total 4 (2 cores per cpu, 2 threads per core) family 6 model 58 stepping 9, cmov, cx8, fxsr, mmx, sse, sse2, sse3, ssse3, sse4.1, sse4.2, popcnt, avx, aes, clmul, erms, ht, tsc, tscinvbit, tscinv

Memory: 4k page, physical 3888676k(213992k free), swap 8717192k(78180k free)

vm_info: Java HotSpot(TM) 64-Bit Server VM (25.101-b13) for windows-amd64 JRE (1.8.0_101-b13), built on Jun 22 2016 01:21:29 by "java_re" with MS VC++ 10.0 (VS2010)

time: Sat Sep 17 01:56:16 2016
elapsed time: 6 seconds (0d 0h 0m 6s)

