#
# There is insufficient memory for the Java Runtime Environment to continue.
# Native memory allocation (malloc) failed to allocate 37936 bytes for Chunk::new
# Possible reasons:
#   The system is out of physical RAM or swap space
#   In 32 bit mode, the process size limit was hit
# Possible solutions:
#   Reduce memory load on the system
#   Increase physical memory or swap space
#   Check if swap backing store is full
#   Use 64 bit Java on a 64 bit OS
#   Decrease Java heap size (-Xmx/-Xms)
#   Decrease number of Java threads
#   Decrease Java thread stack sizes (-Xss)
#   Set larger code cache with -XX:ReservedCodeCacheSize=
# This output file may be truncated or incomplete.
#
#  Out of Memory Error (allocation.cpp:390), pid=6808, tid=0x0000000000001ea8
#
# JRE version: Java(TM) SE Runtime Environment (8.0_101-b13) (build 1.8.0_101-b13)
# Java VM: Java HotSpot(TM) 64-Bit Server VM (25.101-b13 mixed mode windows-amd64 compressed oops)
# Failed to write core dump. Minidumps are not enabled by default on client versions of Windows
#

---------------  T H R E A D  ---------------

Current thread (0x0000000054ce3800):  JavaThread "C2 CompilerThread1" daemon [_thread_in_native, id=7848, stack(0x0000000056530000,0x0000000056630000)]

Stack: [0x0000000056530000,0x0000000056630000]
[error occurred during error reporting (printing stack bounds), id 0xc0000005]

Native frames: (J=compiled Java code, j=interpreted, Vv=VM code, C=native code)


Current CompileTask:
C2:   3149  307       4       java.lang.String::compareTo (78 bytes)


---------------  P R O C E S S  ---------------

Java Threads: ( => current thread )
  0x00000000569c1000 JavaThread "pool-2-thread-4" [_thread_blocked, id=4112, stack(0x00000000575a0000,0x00000000576a0000)]
  0x00000000569be000 JavaThread "pool-2-thread-3" [_thread_in_vm, id=9040, stack(0x0000000057420000,0x0000000057520000)]
  0x00000000569bd800 JavaThread "pool-2-thread-2" [_thread_blocked, id=6804, stack(0x00000000572f0000,0x00000000573f0000)]
  0x00000000568ef000 JavaThread "pool-3-thread-1" [_thread_blocked, id=9028, stack(0x00000000571e0000,0x00000000572e0000)]
  0x00000000568f2000 JavaThread "pool-2-thread-1" [_thread_in_native, id=6992, stack(0x0000000057020000,0x0000000057120000)]
  0x0000000054ce7000 JavaThread "Service Thread" daemon [_thread_blocked, id=8616, stack(0x0000000056ba0000,0x0000000056ca0000)]
  0x0000000054ce4800 JavaThread "C1 CompilerThread2" daemon [_thread_blocked, id=9024, stack(0x0000000056650000,0x0000000056750000)]
=>0x0000000054ce3800 JavaThread "C2 CompilerThread1" daemon [_thread_in_native, id=7848, stack(0x0000000056530000,0x0000000056630000)]
  0x0000000054ce2000 JavaThread "C2 CompilerThread0" daemon [_thread_blocked, id=4128, stack(0x00000000563d0000,0x00000000564d0000)]
  0x0000000054cee800 JavaThread "Attach Listener" daemon [_thread_blocked, id=5652, stack(0x0000000055da0000,0x0000000055ea0000)]
  0x0000000054ced000 JavaThread "Signal Dispatcher" daemon [_thread_blocked, id=2180, stack(0x00000000561e0000,0x00000000562e0000)]
  0x0000000054cc3800 JavaThread "Finalizer" daemon [_thread_blocked, id=8332, stack(0x00000000560e0000,0x00000000561e0000)]
  0x0000000054c82000 JavaThread "Reference Handler" daemon [_thread_blocked, id=5136, stack(0x0000000055ee0000,0x0000000055fe0000)]
  0x0000000001e9e800 JavaThread "main" [_thread_blocked, id=7156, stack(0x0000000002130000,0x0000000002230000)]

Other Threads:
  0x0000000054c7a800 VMThread [stack: 0x0000000055c60000,0x0000000055d60000] [id=2568]
  0x00000000567e7000 WatcherThread [stack: 0x0000000056d90000,0x0000000056e90000] [id=8584]

VM state:not at safepoint (normal execution)

VM Mutex/Monitor currently owned by a thread: None

Heap:
 PSYoungGen      total 17920K, used 8103K [0x00000000eab00000, 0x00000000ebf00000, 0x0000000100000000)
  eden space 15360K, 52% used [0x00000000eab00000,0x00000000eb2e9ce0,0x00000000eba00000)
  from space 2560K, 0% used [0x00000000ebc80000,0x00000000ebc80000,0x00000000ebf00000)
  to   space 2560K, 0% used [0x00000000eba00000,0x00000000eba00000,0x00000000ebc80000)
 ParOldGen       total 40960K, used 0K [0x00000000c0000000, 0x00000000c2800000, 0x00000000eab00000)
  object space 40960K, 0% used [0x00000000c0000000,0x00000000c0000000,0x00000000c2800000)
 Metaspace       used 4514K, capacity 5744K, committed 6016K, reserved 1056768K
  class space    used 495K, capacity 552K, committed 640K, reserved 1048576K

Card table byte_map: [0x00000000118c0000,0x0000000011ad0000] byte_map_base: 0x00000000112c0000

Marking Bits: (ParMarkBitMap*) 0x000000007035a6d0
 Begin Bits: [0x00000000120f0000, 0x00000000130f0000)
 End Bits:   [0x00000000130f0000, 0x00000000140f0000)

Polling page: 0x0000000000110000

CodeCache: size=245760Kb used=1990Kb max_used=1997Kb free=243769Kb
 bounds [0x0000000002500000, 0x0000000002770000, 0x0000000011500000]
 total_blobs=580 nmethods=321 adapters=172
 compilation: enabled

Compilation events (10 events):
Event: 3.090 Thread 0x0000000054ce4800  300       3       java.util.BitSet::get (69 bytes)
Event: 3.091 Thread 0x0000000054ce4800 nmethod 300 0x00000000026de4d0 code [0x00000000026de6c0, 0x00000000026df068]
Event: 3.101 Thread 0x0000000054ce4800  301       3       java.util.TreeMap::parentOf (13 bytes)
Event: 3.101 Thread 0x0000000054ce4800 nmethod 301 0x00000000026eba50 code [0x00000000026ebba0, 0x00000000026ebd30]
Event: 3.101 Thread 0x0000000054ce4800  302       3       com.android.dx.rop.cst.CstNat::isInstanceInit (13 bytes)
Event: 3.102 Thread 0x0000000054ce4800 nmethod 302 0x00000000026ebdd0 code [0x00000000026ebf40, 0x00000000026ec208]
Event: 3.138 Thread 0x0000000054ce3800  307       4       java.lang.String::compareTo (78 bytes)
Event: 3.139 Thread 0x0000000054ce4800  304       3       com.android.dx.rop.cst.Constant::compareTo (33 bytes)
Event: 3.139 Thread 0x0000000054ce4800 nmethod 304 0x00000000026ec650 code [0x00000000026ec800, 0x00000000026ecf18]
Event: 3.139 Thread 0x0000000054ce4800  308       3       com.android.dx.rop.cst.Constant::compareTo (9 bytes)

GC Heap History (0 events):
No events

Deoptimization events (0 events):
No events

Internal exceptions (2 events):
Event: 1.054 Thread 0x0000000001e9e800 Exception <a 'java/lang/NoSuchMethodError': Method sun.misc.Unsafe.defineClass(Ljava/lang/String;[BII)Ljava/lang/Class; name or signature does not match> (0x00000000eab07cc0) thrown at [C:\re\workspace\8-2-build-windows-amd64-cygwin\jdk8u101\7261\hotspot\s¥r5Üð?
Event: 1.054 Thread 0x0000000001e9e800 Exception <a 'java/lang/NoSuchMethodError': Method sun.misc.Unsafe.prefetchRead(Ljava/lang/Object;J)V name or signature does not match> (0x00000000eab07fa8) thrown at [C:\re\workspace\8-2-build-windows-amd64-cygwin\jdk8u101\7261\hotspot\src\share\vm\prims\

Events (10 events):
Event: 3.100 loading class com/android/dx/dex/file/StringIdItem
Event: 3.100 loading class com/android/dx/dex/file/StringIdItem done
Event: 3.100 loading class com/android/dx/dex/file/StringDataItem
Event: 3.100 loading class com/android/dx/dex/file/StringDataItem done
Event: 3.133 loading class com/android/dx/dex/file/MethodIdItem
Event: 3.133 loading class com/android/dx/dex/file/MethodIdItem done
Event: 3.135 loading class com/android/dx/rop/cst/CstArray$List
Event: 3.135 loading class com/android/dx/rop/cst/CstArray$List done
Event: 3.138 loading class com/android/dx/dex/file/FieldAnnotationStruct
Event: 3.138 loading class com/android/dx/dex/file/FieldAnnotationStruct done


Dynamic libraries:
0x000000013f080000 - 0x000000013f0b7000 	C:\Program Files\Java\jdk1.8.0_101\bin\java.exe
0x0000000076f00000 - 0x00000000770aa000 	C:\windows\SYSTEM32\ntdll.dll
0x0000000076de0000 - 0x0000000076eff000 	C:\windows\system32\kernel32.dll
0x000007fefcef0000 - 0x000007fefcf5a000 	C:\windows\system32\KERNELBASE.dll
0x000007fefd7d0000 - 0x000007fefd8ab000 	C:\windows\system32\ADVAPI32.dll
0x000007fefe8b0000 - 0x000007fefe94f000 	C:\windows\system32\msvcrt.dll
0x000007fefec80000 - 0x000007fefec9f000 	C:\windows\SYSTEM32\sechost.dll
0x000007fefd3d0000 - 0x000007fefd4fd000 	C:\windows\system32\RPCRT4.dll
0x0000000076ce0000 - 0x0000000076dda000 	C:\windows\system32\USER32.dll
0x000007feff0c0000 - 0x000007feff127000 	C:\windows\system32\GDI32.dll
0x000007fefebd0000 - 0x000007fefebde000 	C:\windows\system32\LPK.dll
0x000007fefede0000 - 0x000007fefeeaa000 	C:\windows\system32\USP10.dll
0x000007fef7be0000 - 0x000007fef7dd4000 	C:\windows\WinSxS\amd64_microsoft.windows.common-controls_6595b64144ccf1df_6.0.7601.18837_none_fa3b1e3d17594757\COMCTL32.dll
0x000007fefd330000 - 0x000007fefd3a1000 	C:\windows\system32\SHLWAPI.dll
0x000007fefedb0000 - 0x000007fefedde000 	C:\windows\system32\IMM32.DLL
0x000007fefeca0000 - 0x000007fefeda9000 	C:\windows\system32\MSCTF.dll
0x000000005b940000 - 0x000000005ba12000 	C:\Program Files\Java\jdk1.8.0_101\jre\bin\msvcr100.dll
0x000000006fb40000 - 0x00000000703da000 	C:\Program Files\Java\jdk1.8.0_101\jre\bin\server\jvm.dll
0x000007fef4860000 - 0x000007fef4869000 	C:\windows\system32\WSOCK32.dll
0x000007fefd2d0000 - 0x000007fefd31d000 	C:\windows\system32\WS2_32.dll
0x000007fefd320000 - 0x000007fefd328000 	C:\windows\system32\NSI.dll
0x000007fef8090000 - 0x000007fef80cb000 	C:\windows\system32\WINMM.dll
0x000007fefbcb0000 - 0x000007fefbcbc000 	C:\windows\system32\VERSION.dll
0x00000000770c0000 - 0x00000000770c7000 	C:\windows\system32\PSAPI.DLL
0x0000000070570000 - 0x000000007057f000 	C:\Program Files\Java\jdk1.8.0_101\jre\bin\verify.dll
0x000000006d280000 - 0x000000006d2a9000 	C:\Program Files\Java\jdk1.8.0_101\jre\bin\java.dll
0x0000000070ce0000 - 0x0000000070cf6000 	C:\Program Files\Java\jdk1.8.0_101\jre\bin\zip.dll
0x000007fefdb20000 - 0x000007fefe8ac000 	C:\windows\system32\SHELL32.dll
0x000007fefeeb0000 - 0x000007feff0b3000 	C:\windows\system32\ole32.dll
0x000007fefcc30000 - 0x000007fefcc3f000 	C:\windows\system32\profapi.dll

VM Arguments:
jvm_args: -Djava.awt.headless=true -Xmx1024M -Dfile.encoding=windows-1250 -Duser.country=GB -Duser.language=en -Duser.variant 
java_command: com.android.dx.command.Main --dex --force-jumbo --num-threads=4 --multi-dex --output C:\Users\Jan\Documents\GitHub\jwdj\HackCMU16jwdj\app\build\intermediates\transforms\dex\debug\folders\1000\10\com.android.support-support-fragment-24.2.1_461680a8c438bf5fba16f42ebf58b1b229886bac C:\Users\Jan\Documents\GitHub\jwdj\HackCMU16jwdj\app\build\intermediates\exploded-aar\com.android.support\support-fragment\24.2.1\jars\classes.jar
java_class_path (initial): C:\Users\Jan\AppData\Local\Android\sdk\build-tools\24.0.2\lib\dx.jar
Launcher Type: SUN_STANDARD

Environment Variables:
PATH=C:\ProgramData\Oracle\Java\javapath;C:\Program Files\Java\jdk1.8.0_101\bin;C:\Windows\system32;C:\Program Files\Microsoft SQL Server\110\Tools\Binn\;C:\Program Files\gradle-1.12\bin;C:\ProgramData\chocolatey\bin;C:\tools\Miniconda3;C:\tools\Miniconda3\Scripts;C:\Program Files (x86)\PharosSystems\Core;C:\Program Files (x86)\PuTTY\;C:\Program Files (x86)\MiKTeX 2.9\miktex\bin\;C:\Program Files\nodejs\;C:\Program Files\Git\cmd;C:\Program Files\Git\bin;C:\windows\System32\WindowsPowerShell\v1.0\;C:\tools\cmdermini;C:\Users\Jan\AppData\Roaming\npm;C:\Program Files\Java\jdk1.8.0_101\bin
USERNAME=Jan
OS=Windows_NT
PROCESSOR_IDENTIFIER=Intel64 Family 6 Model 58 Stepping 9, GenuineIntel



---------------  S Y S T E M  ---------------

OS: Windows 7 , 64 bit Build 7601 (6.1.7601.23539)

CPU:total 4 (2 cores per cpu, 2 threads per core) family 6 model 58 stepping 9, cmov, cx8, fxsr, mmx, sse, sse2, sse3, ssse3, sse4.1, sse4.2, popcnt, avx, aes, clmul, erms, ht, tsc, tscinvbit, tscinv

Memory: 4k page, physical 3888676k(59444k free), swap 8717192k(5048k free)

vm_info: Java HotSpot(TM) 64-Bit Server VM (25.101-b13) for windows-amd64 JRE (1.8.0_101-b13), built on Jun 22 2016 01:21:29 by "java_re" with MS VC++ 10.0 (VS2010)

time: Sat Sep 17 01:55:33 2016
elapsed time: 3 seconds (0d 0h 0m 3s)

