#
# A fatal error has been detected by the Java Runtime Environment:
#
#  EXCEPTION_ACCESS_VIOLATION (0xc0000005) at pc=0x000000006fd53987, pid=2784, tid=0x00000000000005c0
#
# JRE version: Java(TM) SE Runtime Environment (8.0_101-b13) (build 1.8.0_101-b13)
# Java VM: Java HotSpot(TM) 64-Bit Server VM (25.101-b13 mixed mode windows-amd64 compressed oops)
# Problematic frame:
# V  [jvm.dll+0x213987]
#
# Failed to write core dump. Minidumps are not enabled by default on client versions of Windows
#
# If you would like to submit a bug report, please visit:
#   http://bugreport.java.com/bugreport/crash.jsp
#

---------------  T H R E A D  ---------------

Current thread (0x0000000054d01000):  JavaThread "Signal Dispatcher" daemon [_thread_in_vm, id=1472, stack(0x0000000056390000,0x0000000056490000)]

siginfo: ExceptionCode=0xc0000005, writing address 0x00000000564894c0

Registers:
RAX=0x00000000564894c0, RBX=0x0000000000000007, RCX=0x0000000000006000, RDX=0x0000000000000006
RSP=0x000000005648f4c0, RBP=0x0000000000000000, RSI=0x000000005648f4c0, RDI=0x0000000000000007
R8 =0x0000000000000006, R9 =0x0000000054ced3a0, R10=0x000000005433d580, R11=0x000000005639a150
R12=0x0000000054ced3a0, R13=0x0000000054d01000, R14=0x000000005648f588, R15=0x000000005433d580
RIP=0x000000006fd53987, EFLAGS=0x0000000000010206

Top of Stack: (sp=0x000000005648f4c0)
0x000000005648f4c0:   0000000000000000 0000000000000000
0x000000005648f4d0:   0000000054d01000 0000000054ced3a0
0x000000005648f4e0:   00000000ffffffff 000000006fd548b7
0x000000005648f4f0:   000000005648f5f0 000000005433d580
0x000000005648f500:   0000000054d01000 000000006fc004e3
0x000000005648f510:   000000005648f550 0000000054d01000
0x000000005648f520:   000000005648f5e0 0000000054d01000
0x000000005648f530:   000000005433d580 0000000054d01000
0x000000005648f540:   00000000023f31e0 0000000054d01000
0x000000005648f550:   000000005433d580 0000000054d01000
0x000000005648f560:   000000005433d580 0000000054d01000
0x000000005648f570:   0000000000000001 000000005433d580
0x000000005648f580:   0000000054d01000 0000000054c9b750
0x000000005648f590:   0000000054d01000 000000006fc019cd
0x000000005648f5a0:   000000005648f8f0 00000000143169a0
0x000000005648f5b0:   00000000143169a0 0000000000000951 

Instructions: (pc=0x000000006fd53987)
0x000000006fd53967:   48 89 6c 24 30 33 ed 66 90 e8 cb 37 08 00 ff c3
0x000000006fd53977:   48 63 c8 48 8b c6 48 0f af cf 48 ff c7 48 2b c1
0x000000006fd53987:   89 28 48 63 c3 48 3b 05 3d 0d 59 00 7e db 48 8b
0x000000006fd53997:   6c 24 30 48 8b 5c 24 38 48 8b 74 24 40 48 83 c4 


Register to memory mapping:

RAX=0x00000000564894c0 is pointing into the stack for thread: 0x0000000054d01000
RBX=0x0000000000000007 is an unknown value
RCX=0x0000000000006000 is an unknown value
RDX=0x0000000000000006 is an unknown value
RSP=0x000000005648f4c0 is pointing into the stack for thread: 0x0000000054d01000
RBP=0x0000000000000000 is an unknown value
RSI=0x000000005648f4c0 is pointing into the stack for thread: 0x0000000054d01000
RDI=0x0000000000000007 is an unknown value
R8 =0x0000000000000006 is an unknown value
R9 =0x0000000054ced3a0 is an unknown value
R10={method} {0x000000005433d588} 'exit' '()V' in 'java/lang/Thread'
R11=0x000000005639a150 is pointing into the stack for thread: 0x0000000054d01000
R12=0x0000000054ced3a0 is an unknown value
R13=0x0000000054d01000 is a thread
R14=0x000000005648f588 is pointing into the stack for thread: 0x0000000054d01000
R15={method} {0x000000005433d588} 'exit' '()V' in 'java/lang/Thread'


Stack: [0x0000000056390000,0x0000000056490000],  sp=0x000000005648f4c0,  free space=1021k
Native frames: (J=compiled Java code, j=interpreted, Vv=VM code, C=native code)


---------------  P R O C E S S  ---------------

Java Threads: ( => current thread )
  0x0000000056801800 JavaThread "Service Thread" daemon [_thread_blocked, id=7172, stack(0x0000000056e60000,0x0000000056f60000)]
  0x0000000054d0f800 JavaThread "C1 CompilerThread2" daemon [_thread_blocked, id=3280, stack(0x0000000056d10000,0x0000000056e10000)]
  0x0000000054d0e800 JavaThread "C2 CompilerThread1" daemon [_thread_blocked, id=3320, stack(0x0000000055ed0000,0x0000000055fd0000)]
  0x0000000054d0c000 JavaThread "C2 CompilerThread0" daemon [_thread_blocked, id=192, stack(0x0000000056700000,0x0000000056800000)]
  0x0000000054d02800 JavaThread "Attach Listener" daemon [_thread_blocked, id=7336, stack(0x0000000056580000,0x0000000056680000)]
=>0x0000000054d01000 JavaThread "Signal Dispatcher" daemon [_thread_in_vm, id=1472, stack(0x0000000056390000,0x0000000056490000)]
  0x0000000054ce9800 JavaThread "Finalizer" daemon [_thread_blocked, id=7360, stack(0x00000000561d0000,0x00000000562d0000)]
  0x0000000054ca2000 JavaThread "Reference Handler" daemon [_thread_blocked, id=1604, stack(0x0000000056070000,0x0000000056170000)]

Other Threads:
  0x0000000054c9a800 VMThread [stack: 0x0000000055d80000,0x0000000055e80000] [id=8564]

VM state:synchronizing (normal execution)

VM Mutex/Monitor currently owned by a thread:  ([mutex/lock_event])
[0x00000000001fc4d0] Threads_lock - owner thread: 0x0000000054c9a800
[0x00000000001fc9d0] Heap_lock - owner thread: 0x00000000001fe800

Heap:
 PSYoungGen      total 17920K, used 4321K [0x00000000eab00000, 0x00000000ebf00000, 0x0000000100000000)
  eden space 15360K, 28% used [0x00000000eab00000,0x00000000eaf38460,0x00000000eba00000)
  from space 2560K, 0% used [0x00000000ebc80000,0x00000000ebc80000,0x00000000ebf00000)
  to   space 2560K, 0% used [0x00000000eba00000,0x00000000eba00000,0x00000000ebc80000)
 ParOldGen       total 40960K, used 0K [0x00000000c0000000, 0x00000000c2800000, 0x00000000eab00000)
  object space 40960K, 0% used [0x00000000c0000000,0x00000000c0000000,0x00000000c2800000)
 Metaspace       used 3985K, capacity 5104K, committed 5376K, reserved 1056768K
  class space    used 457K, capacity 488K, committed 512K, reserved 1048576K

Card table byte_map: [0x00000000117a0000,0x00000000119b0000] byte_map_base: 0x00000000111a0000

Marking Bits: (ParMarkBitMap*) 0x000000007035a6d0
 Begin Bits: [0x0000000012110000, 0x0000000013110000)
 End Bits:   [0x0000000013110000, 0x0000000014110000)

Polling page: 0x0000000000220000

CodeCache: size=245760Kb used=1344Kb max_used=1344Kb free=244415Kb
 bounds [0x00000000023e0000, 0x0000000002650000, 0x00000000113e0000]
 total_blobs=403 nmethods=148 adapters=168
 compilation: enabled

Compilation events (10 events):
Event: 2.484 Thread 0x0000000054d0f800  143       1       java.util.LinkedHashMap::removeEldestEntry (2 bytes)
Event: 2.484 Thread 0x0000000054d0f800 nmethod 143 0x000000000252e050 code [0x000000000252e1a0, 0x000000000252e2b0]
Event: 2.484 Thread 0x0000000054d0f800  144       1       java.util.HashMap$Node::getKey (5 bytes)
Event: 2.485 Thread 0x0000000054d0f800 nmethod 144 0x000000000252e310 code [0x000000000252e460, 0x000000000252e570]
Event: 2.489 Thread 0x0000000054d0f800  146       3       java.util.ArrayList::get (11 bytes)
Event: 2.489 Thread 0x0000000054d0f800 nmethod 146 0x000000000252e5d0 code [0x000000000252e760, 0x000000000252ead8]
Event: 2.489 Thread 0x0000000054d0f800  147       3       java.util.ArrayList::rangeCheck (22 bytes)
Event: 2.490 Thread 0x0000000054d0f800 nmethod 147 0x000000000252ed10 code [0x000000000252ef20, 0x000000000252f9d8]
Event: 2.490 Thread 0x0000000054d0f800  148       3       java.util.ArrayList::elementData (7 bytes)
Event: 2.490 Thread 0x0000000054d0f800 nmethod 148 0x000000000252ff90 code [0x00000000025300e0, 0x0000000002530250]

GC Heap History (0 events):
No events

Deoptimization events (0 events):
No events

Internal exceptions (2 events):
Event: 0.430 Thread 0x00000000001fe800 Exception <a 'java/lang/NoSuchMethodError': Method sun.misc.Unsafe.defineClass(Ljava/lang/String;[BII)Ljava/lang/Class; name or signature does not match> (0x00000000eab07cc0) thrown at [C:\re\workspace\8-2-build-windows-amd64-cygwin\jdk8u101\7261\hotspot\sýáñCÛ?
Event: 0.430 Thread 0x00000000001fe800 Exception <a 'java/lang/NoSuchMethodError': Method sun.misc.Unsafe.prefetchRead(Ljava/lang/Object;J)V name or signature does not match> (0x00000000eab07fa8) thrown at [C:\re\workspace\8-2-build-windows-amd64-cygwin\jdk8u101\7261\hotspot\src\share\vm\prims\

Events (10 events):
Event: 2.484 loading class java/util/zip/Checksum done
Event: 2.484 loading class java/util/zip/Adler32 done
Event: 2.484 Thread 0x0000000056964000 Thread exited: 0x0000000056964000
Event: 2.486 Thread 0x00000000001fe800 Thread exited: 0x00000000001fe800
Event: 2.486 Thread 0x00000000001fe800 Thread added: 0x00000000001fe800
Event: 2.486 loading class java/lang/Shutdown
Event: 2.490 loading class java/lang/Shutdown done
Event: 2.490 loading class java/lang/Shutdown$Lock
Event: 2.490 loading class java/lang/Shutdown$Lock done
Event: 2.491 Thread 0x00000000001fe800 Thread exited: 0x00000000001fe800


Dynamic libraries:
0x000000013f080000 - 0x000000013f0b7000 	C:\Program Files\Java\jdk1.8.0_101\bin\java.exe
0x0000000076f00000 - 0x00000000770aa000 	C:\windows\SYSTEM32\ntdll.dll
0x0000000076de0000 - 0x0000000076eff000 	C:\windows\system32\kernel32.dll
0x000007fefcef0000 - 0x000007fefcf5a000 	C:\windows\system32\KERNELBASE.dll
0x000007fefd7d0000 - 0x000007fefd8ab000 	C:\windows\system32\ADVAPI32.dll
0x000007fefe8b0000 - 0x000007fefe94f000 	C:\windows\system32\msvcrt.dll
0x000007fefec80000 - 0x000007fefec9f000 	C:\windows\SYSTEM32\sechost.dll
0x000007fefd3d0000 - 0x000007fefd4fd000 	C:\windows\system32\RPCRT4.dll
0x0000000076ce0000 - 0x0000000076dda000 	C:\windows\system32\USER32.dll
0x000007feff0c0000 - 0x000007feff127000 	C:\windows\system32\GDI32.dll
0x000007fefebd0000 - 0x000007fefebde000 	C:\windows\system32\LPK.dll
0x000007fefede0000 - 0x000007fefeeaa000 	C:\windows\system32\USP10.dll
0x000007fef7be0000 - 0x000007fef7dd4000 	C:\windows\WinSxS\amd64_microsoft.windows.common-controls_6595b64144ccf1df_6.0.7601.18837_none_fa3b1e3d17594757\COMCTL32.dll
0x000007fefd330000 - 0x000007fefd3a1000 	C:\windows\system32\SHLWAPI.dll
0x000007fefedb0000 - 0x000007fefedde000 	C:\windows\system32\IMM32.DLL
0x000007fefeca0000 - 0x000007fefeda9000 	C:\windows\system32\MSCTF.dll
0x000000005b940000 - 0x000000005ba12000 	C:\Program Files\Java\jdk1.8.0_101\jre\bin\msvcr100.dll
0x000000006fb40000 - 0x00000000703da000 	C:\Program Files\Java\jdk1.8.0_101\jre\bin\server\jvm.dll
0x000007fef4860000 - 0x000007fef4869000 	C:\windows\system32\WSOCK32.dll
0x000007fefd2d0000 - 0x000007fefd31d000 	C:\windows\system32\WS2_32.dll
0x000007fefd320000 - 0x000007fefd328000 	C:\windows\system32\NSI.dll
0x000007fef8090000 - 0x000007fef80cb000 	C:\windows\system32\WINMM.dll
0x000007fefbcb0000 - 0x000007fefbcbc000 	C:\windows\system32\VERSION.dll
0x00000000770c0000 - 0x00000000770c7000 	C:\windows\system32\PSAPI.DLL
0x0000000070570000 - 0x000000007057f000 	C:\Program Files\Java\jdk1.8.0_101\jre\bin\verify.dll
0x000000006d280000 - 0x000000006d2a9000 	C:\Program Files\Java\jdk1.8.0_101\jre\bin\java.dll
0x0000000070ce0000 - 0x0000000070cf6000 	C:\Program Files\Java\jdk1.8.0_101\jre\bin\zip.dll
0x000007fefdb20000 - 0x000007fefe8ac000 	C:\windows\system32\SHELL32.dll
0x000007fefeeb0000 - 0x000007feff0b3000 	C:\windows\system32\ole32.dll
0x000007fefcc30000 - 0x000007fefcc3f000 	C:\windows\system32\profapi.dll

VM Arguments:
jvm_args: -Djava.awt.headless=true -Xmx1024M -Dfile.encoding=windows-1250 -Duser.country=GB -Duser.language=en -Duser.variant 
java_command: com.android.dx.command.Main --dex --force-jumbo --num-threads=4 --multi-dex --output C:\Users\Jan\Documents\GitHub\jwdj\HackCMU16jwdj\app\build\intermediates\transforms\dex\debug\folders\1000\5\slice_3 C:\Users\Jan\Documents\GitHub\jwdj\HackCMU16jwdj\app\build\intermediates\transforms\instantRunSlicer\debug\folders\1\5\slice_3
java_class_path (initial): C:\Users\Jan\AppData\Local\Android\sdk\build-tools\24.0.2\lib\dx.jar
Launcher Type: SUN_STANDARD

Environment Variables:
PATH=C:\ProgramData\Oracle\Java\javapath;C:\Program Files\Java\jdk1.8.0_101\bin;C:\Windows\system32;C:\Program Files\Microsoft SQL Server\110\Tools\Binn\;C:\Program Files\gradle-1.12\bin;C:\ProgramData\chocolatey\bin;C:\tools\Miniconda3;C:\tools\Miniconda3\Scripts;C:\Program Files (x86)\PharosSystems\Core;C:\Program Files (x86)\PuTTY\;C:\Program Files (x86)\MiKTeX 2.9\miktex\bin\;C:\Program Files\nodejs\;C:\Program Files\Git\cmd;C:\Program Files\Git\bin;C:\windows\System32\WindowsPowerShell\v1.0\;C:\tools\cmdermini;C:\Users\Jan\AppData\Roaming\npm;C:\Program Files\Java\jdk1.8.0_101\bin
USERNAME=Jan
OS=Windows_NT
PROCESSOR_IDENTIFIER=Intel64 Family 6 Model 58 Stepping 9, GenuineIntel



---------------  S Y S T E M  ---------------

OS: Windows 7 , 64 bit Build 7601 (6.1.7601.23539)

CPU:total 4 (2 cores per cpu, 2 threads per core) family 6 model 58 stepping 9, cmov, cx8, fxsr, mmx, sse, sse2, sse3, ssse3, sse4.1, sse4.2, popcnt, avx, aes, clmul, erms, ht, tsc, tscinvbit, tscinv

Memory: 4k page, physical 3888676k(62972k free), swap 8717192k(4768k free)

vm_info: Java HotSpot(TM) 64-Bit Server VM (25.101-b13) for windows-amd64 JRE (1.8.0_101-b13), built on Jun 22 2016 01:21:29 by "java_re" with MS VC++ 10.0 (VS2010)

time: Sat Sep 17 01:57:57 2016
elapsed time: 2 seconds (0d 0h 0m 2s)

