#
# There is insufficient memory for the Java Runtime Environment to continue.
# Native memory allocation (malloc) failed to allocate 280256 bytes for Chunk::new
# Possible reasons:
#   The system is out of physical RAM or swap space
#   In 32 bit mode, the process size limit was hit
# Possible solutions:
#   Reduce memory load on the system
#   Increase physical memory or swap space
#   Check if swap backing store is full
#   Use 64 bit Java on a 64 bit OS
#   Decrease Java heap size (-Xmx/-Xms)
#   Decrease number of Java threads
#   Decrease Java thread stack sizes (-Xss)
#   Set larger code cache with -XX:ReservedCodeCacheSize=
# This output file may be truncated or incomplete.
#
#  Out of Memory Error (allocation.cpp:390), pid=2224, tid=0x0000000000000ebc
#
# JRE version: Java(TM) SE Runtime Environment (8.0_101-b13) (build 1.8.0_101-b13)
# Java VM: Java HotSpot(TM) 64-Bit Server VM (25.101-b13 mixed mode windows-amd64 compressed oops)
# Failed to write core dump. Minidumps are not enabled by default on client versions of Windows
#

---------------  T H R E A D  ---------------

Current thread (0x0000000054de9000):  JavaThread "C2 CompilerThread0" daemon [_thread_in_native, id=3772, stack(0x0000000056450000,0x0000000056550000)]

Stack: [0x0000000056450000,0x0000000056550000]
[error occurred during error reporting (printing stack bounds), id 0xc0000005]

Native frames: (J=compiled Java code, j=interpreted, Vv=VM code, C=native code)


Current CompileTask:
C2:   2047  826       4       com.android.dx.ssa.back.LivenessAnalyzer::handleTailRecursion (94 bytes)


---------------  P R O C E S S  ---------------

Java Threads: ( => current thread )
  0x0000000056991000 JavaThread "pool-2-thread-4" [_thread_in_Java, id=7136, stack(0x0000000056340000,0x0000000056440000)]
  0x000000005692c000 JavaThread "pool-3-thread-1" [_thread_blocked, id=3952, stack(0x0000000056df0000,0x0000000056ef0000)]
  0x0000000054dee800 JavaThread "Service Thread" daemon [_thread_blocked, id=8524, stack(0x0000000056ce0000,0x0000000056de0000)]
  0x0000000054dec000 JavaThread "C1 CompilerThread2" daemon [_thread_blocked, id=5136, stack(0x00000000566b0000,0x00000000567b0000)]
  0x0000000054deb000 JavaThread "C2 CompilerThread1" daemon [_thread_blocked, id=8272, stack(0x00000000565a0000,0x00000000566a0000)]
=>0x0000000054de9000 JavaThread "C2 CompilerThread0" daemon [_thread_in_native, id=3772, stack(0x0000000056450000,0x0000000056550000)]
  0x0000000054de2800 JavaThread "Attach Listener" daemon [_thread_blocked, id=7096, stack(0x0000000056210000,0x0000000056310000)]
  0x0000000054de1000 JavaThread "Signal Dispatcher" daemon [_thread_blocked, id=4132, stack(0x0000000055bf0000,0x0000000055cf0000)]
  0x0000000054dc9800 JavaThread "Finalizer" daemon [_thread_blocked, id=9108, stack(0x0000000056010000,0x0000000056110000)]
  0x0000000054d82000 JavaThread "Reference Handler" daemon [_thread_blocked, id=6984, stack(0x0000000055ec0000,0x0000000055fc0000)]
  0x000000000026e800 JavaThread "main" [_thread_blocked, id=8552, stack(0x0000000002190000,0x0000000002290000)]

Other Threads:
  0x0000000054d7a800 VMThread [stack: 0x0000000055cf0000,0x0000000055df0000] [id=8332]
  0x000000005685d000 WatcherThread [stack: 0x0000000056bc0000,0x0000000056cc0000] [id=5420]

VM state:not at safepoint (normal execution)

VM Mutex/Monitor currently owned by a thread: None

Heap:
 PSYoungGen      total 17920K, used 14130K [0x00000000eab00000, 0x00000000ebf00000, 0x0000000100000000)
  eden space 15360K, 91% used [0x00000000eab00000,0x00000000eb8cc818,0x00000000eba00000)
  from space 2560K, 0% used [0x00000000ebc80000,0x00000000ebc80000,0x00000000ebf00000)
  to   space 2560K, 0% used [0x00000000eba00000,0x00000000eba00000,0x00000000ebc80000)
 ParOldGen       total 40960K, used 0K [0x00000000c0000000, 0x00000000c2800000, 0x00000000eab00000)
  object space 40960K, 0% used [0x00000000c0000000,0x00000000c0000000,0x00000000c2800000)
 Metaspace       used 5612K, capacity 6704K, committed 6784K, reserved 1056768K
  class space    used 587K, capacity 616K, committed 640K, reserved 1048576K

Card table byte_map: [0x0000000011920000,0x0000000011b30000] byte_map_base: 0x0000000011320000

Marking Bits: (ParMarkBitMap*) 0x000000007035a6d0
 Begin Bits: [0x00000000121f0000, 0x00000000131f0000)
 End Bits:   [0x00000000131f0000, 0x00000000141f0000)

Polling page: 0x0000000000210000

CodeCache: size=245760Kb used=3350Kb max_used=3360Kb free=242410Kb
 bounds [0x0000000002560000, 0x00000000028b0000, 0x0000000011560000]
 total_blobs=1087 nmethods=823 adapters=176
 compilation: disabled (not enough contiguous free space left)

Compilation events (10 events):
Event: 2.014 Thread 0x0000000054dec000 nmethod 820 0x00000000028a65d0 code [0x00000000028a6740, 0x00000000028a68a8]
Event: 2.014 Thread 0x0000000054dec000  818       1       com.android.dx.ssa.SsaMethod::getEntryBlockIndex (5 bytes)
Event: 2.014 Thread 0x0000000054dec000 nmethod 818 0x00000000028a6310 code [0x00000000028a6460, 0x00000000028a6570]
Event: 2.015 Thread 0x0000000054deb000  822       4       java.util.HashMap::getNode (148 bytes)
Event: 2.025 Thread 0x0000000054deb000 nmethod 822 0x00000000028ab9d0 code [0x00000000028abb60, 0x00000000028ac188]
Event: 2.026 Thread 0x0000000054dec000  823       3       com.android.dx.ssa.SsaMethod::onInsnRemoved (43 bytes)
Event: 2.026 Thread 0x0000000054de9000  826       4       com.android.dx.ssa.back.LivenessAnalyzer::handleTailRecursion (94 bytes)
Event: 2.026 Thread 0x0000000054dec000 nmethod 823 0x00000000028a5a10 code [0x00000000028a5ba0, 0x00000000028a6138]
Event: 2.026 Thread 0x0000000054dec000  824       3       com.android.dx.ssa.DeadCodeRemover::pruneDeadInstructions (246 bytes)
Event: 2.029 Thread 0x0000000054dec000 


GC Heap History (0 events):
No events

Deoptimization events (9 events):
Event: 1.480 Thread 0x0000000056930000 Uncommon trap: reason=unstable_if action=reinterpret pc=0x0000000002719fac method=java.util.HashMap.getNode(ILjava/lang/Object;)Ljava/util/HashMap$Node; @ 62
Event: 1.580 Thread 0x0000000056991000 Uncommon trap: reason=class_check action=maybe_recompile pc=0x0000000002763ae0 method=com.android.dx.ssa.NormalSsaInsn.accept(Lcom/android/dx/ssa/SsaInsn$Visitor;)V @ 9
Event: 1.625 Thread 0x0000000056991000 Uncommon trap: reason=class_check action=maybe_recompile pc=0x0000000002763ae0 method=com.android.dx.ssa.NormalSsaInsn.accept(Lcom/android/dx/ssa/SsaInsn$Visitor;)V @ 9
Event: 1.668 Thread 0x0000000056991000 Uncommon trap: reason=class_check action=maybe_recompile pc=0x0000000002763ae0 method=com.android.dx.ssa.NormalSsaInsn.accept(Lcom/android/dx/ssa/SsaInsn$Visitor;)V @ 9
Event: 1.671 Thread 0x0000000056991000 Uncommon trap: reason=class_check action=maybe_recompile pc=0x0000000002763ae0 method=com.android.dx.ssa.NormalSsaInsn.accept(Lcom/android/dx/ssa/SsaInsn$Visitor;)V @ 9
Event: 1.819 Thread 0x0000000056991000 Uncommon trap: reason=unstable_if action=reinterpret pc=0x000000000276eae4 method=java.util.BitSet.ensureCapacity(I)V @ 6
Event: 1.906 Thread 0x0000000056991000 Uncommon trap: reason=unstable_if action=reinterpret pc=0x0000000002781f9c method=java.util.HashMap.getNode(ILjava/lang/Object;)Ljava/util/HashMap$Node; @ 129
Event: 1.906 Thread 0x0000000056991000 Uncommon trap: reason=unstable_if action=reinterpret pc=0x0000000002822aa0 method=java.util.HashMap.putVal(ILjava/lang/Object;Ljava/lang/Object;ZZ)Ljava/lang/Object; @ 193
Event: 1.966 Thread 0x0000000056991000 Uncommon trap: reason=unstable_if action=reinterpret pc=0x0000000002845400 method=com.android.dx.ssa.SsaRenamer$BlockRenamer.addMapping(ILcom/android/dx/rop/code/RegisterSpec;)V @ 120

Internal exceptions (2 events):
Event: 0.550 Thread 0x000000000026e800 Exception <a 'java/lang/NoSuchMethodError': Method sun.misc.Unsafe.defineClass(Ljava/lang/String;[BII)Ljava/lang/Class; name or signature does not match> (0x00000000eab07cc0) thrown at [C:\re\workspace\8-2-build-windows-amd64-cygwin\jdk8u101\7261\hotspot\sҌ
Event: 0.550 Thread 0x000000000026e800 Exception <a 'java/lang/NoSuchMethodError': Method sun.misc.Unsafe.prefetchRead(Ljava/lang/Object;J)V name or signature does not match> (0x00000000eab07fa8) thrown at [C:\re\workspace\8-2-build-windows-amd64-cygwin\jdk8u101\7261\hotspot\src\share\vm\prims\

Events (10 events):
Event: 1.903 loading class com/android/dx/cf/code/BytecodeArray$ConstantParserVisitor done
Event: 1.906 Thread 0x0000000056991000 Uncommon trap: trap_request=0xffffff65 fr.pc=0x0000000002781f9c
Event: 1.906 Thread 0x0000000056991000 DEOPT PACKING pc=0x0000000002781f9c sp=0x000000005643e990
Event: 1.906 Thread 0x0000000056991000 DEOPT UNPACKING pc=0x00000000025a582a sp=0x000000005643e918 mode 2
Event: 1.906 Thread 0x0000000056991000 Uncommon trap: trap_request=0xffffff65 fr.pc=0x0000000002822aa0
Event: 1.906 Thread 0x0000000056991000 DEOPT PACKING pc=0x0000000002822aa0 sp=0x000000005643e9e0
Event: 1.906 Thread 0x0000000056991000 DEOPT UNPACKING pc=0x00000000025a582a sp=0x000000005643e880 mode 2
Event: 1.966 Thread 0x0000000056991000 Uncommon trap: trap_request=0xffffff65 fr.pc=0x0000000002845400
Event: 1.966 Thread 0x0000000056991000 DEOPT PACKING pc=0x0000000002845400 sp=0x000000005643e9c0
Event: 1.966 Thread 0x0000000056991000 DEOPT UNPACKING pc=0x00000000025a582a sp=0x000000005643e950 mode 2


Dynamic libraries:
0x000000013f080000 - 0x000000013f0b7000 	C:\Program Files\Java\jdk1.8.0_101\bin\java.exe
0x0000000076f00000 - 0x00000000770aa000 	C:\windows\SYSTEM32\ntdll.dll
0x0000000076de0000 - 0x0000000076eff000 	C:\windows\system32\kernel32.dll
0x000007fefcef0000 - 0x000007fefcf5a000 	C:\windows\system32\KERNELBASE.dll
0x000007fefd7d0000 - 0x000007fefd8ab000 	C:\windows\system32\ADVAPI32.dll
0x000007fefe8b0000 - 0x000007fefe94f000 	C:\windows\system32\msvcrt.dll
0x000007fefec80000 - 0x000007fefec9f000 	C:\windows\SYSTEM32\sechost.dll
0x000007fefd3d0000 - 0x000007fefd4fd000 	C:\windows\system32\RPCRT4.dll
0x0000000076ce0000 - 0x0000000076dda000 	C:\windows\system32\USER32.dll
0x000007feff0c0000 - 0x000007feff127000 	C:\windows\system32\GDI32.dll
0x000007fefebd0000 - 0x000007fefebde000 	C:\windows\system32\LPK.dll
0x000007fefede0000 - 0x000007fefeeaa000 	C:\windows\system32\USP10.dll
0x000007fef7be0000 - 0x000007fef7dd4000 	C:\windows\WinSxS\amd64_microsoft.windows.common-controls_6595b64144ccf1df_6.0.7601.18837_none_fa3b1e3d17594757\COMCTL32.dll
0x000007fefd330000 - 0x000007fefd3a1000 	C:\windows\system32\SHLWAPI.dll
0x000007fefedb0000 - 0x000007fefedde000 	C:\windows\system32\IMM32.DLL
0x000007fefeca0000 - 0x000007fefeda9000 	C:\windows\system32\MSCTF.dll
0x000000005b940000 - 0x000000005ba12000 	C:\Program Files\Java\jdk1.8.0_101\jre\bin\msvcr100.dll
0x000000006fb40000 - 0x00000000703da000 	C:\Program Files\Java\jdk1.8.0_101\jre\bin\server\jvm.dll
0x000007fef4860000 - 0x000007fef4869000 	C:\windows\system32\WSOCK32.dll
0x000007fefd2d0000 - 0x000007fefd31d000 	C:\windows\system32\WS2_32.dll
0x000007fefd320000 - 0x000007fefd328000 	C:\windows\system32\NSI.dll
0x000007fef8090000 - 0x000007fef80cb000 	C:\windows\system32\WINMM.dll
0x000007fefbcb0000 - 0x000007fefbcbc000 	C:\windows\system32\VERSION.dll
0x00000000770c0000 - 0x00000000770c7000 	C:\windows\system32\PSAPI.DLL
0x0000000070570000 - 0x000000007057f000 	C:\Program Files\Java\jdk1.8.0_101\jre\bin\verify.dll
0x000000006d280000 - 0x000000006d2a9000 	C:\Program Files\Java\jdk1.8.0_101\jre\bin\java.dll
0x0000000070ce0000 - 0x0000000070cf6000 	C:\Program Files\Java\jdk1.8.0_101\jre\bin\zip.dll
0x000007fefdb20000 - 0x000007fefe8ac000 	C:\windows\system32\SHELL32.dll
0x000007fefeeb0000 - 0x000007feff0b3000 	C:\windows\system32\ole32.dll
0x000007fefcc30000 - 0x000007fefcc3f000 	C:\windows\system32\profapi.dll

VM Arguments:
jvm_args: -Djava.awt.headless=true -Xmx1024M -Dfile.encoding=windows-1250 -Duser.country=GB -Duser.language=en -Duser.variant 
java_command: com.android.dx.command.Main --dex --force-jumbo --num-threads=4 --multi-dex --output C:\Users\Jan\Documents\GitHub\jwdj\HackCMU16jwdj\app\build\intermediates\transforms\dex\debug\folders\1000\10\internal_impl-24.2.1_3aa720cd0d3ab1f0d078ff3beeabcccde93bb20a C:\Users\Jan\Documents\GitHub\jwdj\HackCMU16jwdj\app\build\intermediates\exploded-aar\com.android.support\support-fragment\24.2.1\jars\libs\internal_impl-24.2.1.jar
java_class_path (initial): C:\Users\Jan\AppData\Local\Android\sdk\build-tools\24.0.2\lib\dx.jar
Launcher Type: SUN_STANDARD

Environment Variables:
PATH=C:\ProgramData\Oracle\Java\javapath;C:\Program Files\Java\jdk1.8.0_101\bin;C:\Windows\system32;C:\Program Files\Microsoft SQL Server\110\Tools\Binn\;C:\Program Files\gradle-1.12\bin;C:\ProgramData\chocolatey\bin;C:\tools\Miniconda3;C:\tools\Miniconda3\Scripts;C:\Program Files (x86)\PharosSystems\Core;C:\Program Files (x86)\PuTTY\;C:\Program Files (x86)\MiKTeX 2.9\miktex\bin\;C:\Program Files\nodejs\;C:\Program Files\Git\cmd;C:\Program Files\Git\bin;C:\windows\System32\WindowsPowerShell\v1.0\;C:\tools\cmdermini;C:\Users\Jan\AppData\Roaming\npm;C:\Program Files\Java\jdk1.8.0_101\bin
USERNAME=Jan
OS=Windows_NT
PROCESSOR_IDENTIFIER=Intel64 Family 6 Model 58 Stepping 9, GenuineIntel



---------------  S Y S T E M  ---------------

OS: Windows 7 , 64 bit Build 7601 (6.1.7601.23539)

CPU:total 4 (2 cores per cpu, 2 threads per core) family 6 model 58 stepping 9, cmov, cx8, fxsr, mmx, sse, sse2, sse3, ssse3, sse4.1, sse4.2, popcnt, avx, aes, clmul, erms, ht, tsc, tscinvbit, tscinv

Memory: 4k page, physical 3888676k(63016k free), swap 8717192k(4768k free)

vm_info: Java HotSpot(TM) 64-Bit Server VM (25.101-b13) for windows-amd64 JRE (1.8.0_101-b13), built on Jun 22 2016 01:21:29 by "java_re" with MS VC++ 10.0 (VS2010)

time: Sat Sep 17 01:57:57 2016
elapsed time: 2 seconds (0d 0h 0m 2s)

