#
# A fatal error has been detected by the Java Runtime Environment:
#
#  EXCEPTION_STACK_OVERFLOW (0xc00000fd) at pc=0x000000006fd53987, pid=7156, tid=0x0000000000001ea4
#
# JRE version:  (8.0_101-b13) (build )
# Java VM: Java HotSpot(TM) 64-Bit Server VM (25.101-b13 mixed mode windows-amd64 compressed oops)
# Problematic frame:
# V  [jvm.dll+0x213987]
#
# Failed to write core dump. Minidumps are not enabled by default on client versions of Windows
#
# If you would like to submit a bug report, please visit:
#   http://bugreport.java.com/bugreport/crash.jsp
#

---------------  T H R E A D  ---------------

Current thread (0x0000000054df9000):  JavaThread "Finalizer" daemon [_thread_in_vm, id=7844, stack(0x00000000561c0000,0x00000000562c0000)]

siginfo: ExceptionCode=0xc00000fd, ExceptionInformation=0x0000000000000001 0x00000000562bc210 

Registers:
RAX=0x00000000562bc210, RBX=0x0000000000000004, RCX=0x0000000000003000, RDX=0x0000000000000006
RSP=0x00000000562bf210, RBP=0x0000000000000000, RSI=0x00000000562bf210, RDI=0x0000000000000004
R8 =0x0000000000000006, R9 =0x0000000054d06680, R10=0x0000000054514ed8, R11=0x00000000561ca160
R12=0x0000000054d06680, R13=0x0000000054df9000, R14=0x00000000562bf2d8, R15=0x0000000054514ed8
RIP=0x000000006fd53987, EFLAGS=0x0000000000010202

Top of Stack: (sp=0x00000000562bf210)
0x00000000562bf210:   0000000000000138 0000000054dfb278
0x00000000562bf220:   0000000054df9000 0000000054d06680
0x00000000562bf230:   00000000ffffffff 000000006fd548b7
0x00000000562bf240:   00000000562bf340 0000000054514ed8
0x00000000562bf250:   0000000054df9000 000000006fc004e3
0x00000000562bf260:   00000000562bf2a0 0000000054df9000
0x00000000562bf270:   00000000562bf330 0000000054df9000
0x00000000562bf280:   0000000054514ed8 0000000054df9000
0x00000000562bf290:   00000000025331e0 0000000054df9000
0x00000000562bf2a0:   0000000054514ed8 0000000054df9000
0x00000000562bf2b0:   000000005444d4b0 0000000054df9000
0x00000000562bf2c0:   0000000000000001 0000000054514ed8
0x00000000562bf2d0:   0000000054df9000 0000000054df9f70
0x00000000562bf2e0:   0000000054df9000 000000006fc019cd
0x00000000562bf2f0:   00000000562bf5f8 00000000144269a0
0x00000000562bf300:   000000001443d0c0 0000000054dfdb80 

Instructions: (pc=0x000000006fd53987)
0x000000006fd53967:   48 89 6c 24 30 33 ed 66 90 e8 cb 37 08 00 ff c3
0x000000006fd53977:   48 63 c8 48 8b c6 48 0f af cf 48 ff c7 48 2b c1
0x000000006fd53987:   89 28 48 63 c3 48 3b 05 3d 0d 59 00 7e db 48 8b
0x000000006fd53997:   6c 24 30 48 8b 5c 24 38 48 8b 74 24 40 48 83 c4 


Register to memory mapping:

RAX=0x00000000562bc210 is pointing into the stack for thread: 0x0000000054df9000
RBX=0x0000000000000004 is an unknown value
RCX=0x0000000000003000 is an unknown value
RDX=0x0000000000000006 is an unknown value
RSP=0x00000000562bf210 is pointing into the stack for thread: 0x0000000054df9000
RBP=0x0000000000000000 is an unknown value
RSI=0x00000000562bf210 is pointing into the stack for thread: 0x0000000054df9000
RDI=0x0000000000000004 is an unknown value
R8 =0x0000000000000006 is an unknown value
R9 =0x0000000054d06680 is an unknown value
R10={method} {0x0000000054514ee0} 'run' '()V' in 'java/lang/ref/Finalizer$FinalizerThread'
R11=0x00000000561ca160 is pointing into the stack for thread: 0x0000000054df9000
R12=0x0000000054d06680 is an unknown value
R13=0x0000000054df9000 is a thread
R14=0x00000000562bf2d8 is pointing into the stack for thread: 0x0000000054df9000
R15={method} {0x0000000054514ee0} 'run' '()V' in 'java/lang/ref/Finalizer$FinalizerThread'


Stack: [0x00000000561c0000,0x00000000562c0000],  sp=0x00000000562bf210,  free space=1020k
Native frames: (J=compiled Java code, j=interpreted, Vv=VM code, C=native code)


---------------  P R O C E S S  ---------------

Java Threads: ( => current thread )
=>0x0000000054df9000 JavaThread "Finalizer" daemon [_thread_in_vm, id=7844, stack(0x00000000561c0000,0x00000000562c0000)]
  0x0000000054db2000 JavaThread "Reference Handler" daemon [_thread_blocked, id=8616, stack(0x0000000055f70000,0x0000000056070000)]
  0x0000000001f1e800 JavaThread "main" [_thread_in_vm, id=360, stack(0x0000000002150000,0x0000000002250000)]

Other Threads:
  0x0000000054daa800 VMThread [stack: 0x0000000055d10000,0x0000000055e10000] [id=2516]

VM state:not at safepoint (normal execution)

VM Mutex/Monitor currently owned by a thread: None

Heap:
 PSYoungGen      total 17920K, used 307K [0x00000000eab00000, 0x00000000ebf00000, 0x0000000100000000)
  eden space 15360K, 2% used [0x00000000eab00000,0x00000000eab4ccd8,0x00000000eba00000)
  from space 2560K, 0% used [0x00000000ebc80000,0x00000000ebc80000,0x00000000ebf00000)
  to   space 2560K, 0% used [0x00000000eba00000,0x00000000eba00000,0x00000000ebc80000)
 ParOldGen       total 40960K, used 0K [0x00000000c0000000, 0x00000000c2800000, 0x00000000eab00000)
  object space 40960K, 0% used [0x00000000c0000000,0x00000000c0000000,0x00000000c2800000)
 Metaspace       used 1145K, capacity 4480K, committed 4480K, reserved 1056768K
  class space    used 121K, capacity 384K, committed 384K, reserved 1048576K

Card table byte_map: [0x00000000118e0000,0x0000000011af0000] byte_map_base: 0x00000000112e0000

Marking Bits: (ParMarkBitMap*) 0x000000007035a6d0
 Begin Bits: [0x0000000012220000, 0x0000000013220000)
 End Bits:   [0x0000000013220000, 0x0000000014220000)

Polling page: 0x0000000000110000

CodeCache: size=245760Kb used=405Kb max_used=405Kb free=245354Kb
 bounds [0x0000000002520000, 0x0000000002790000, 0x0000000011520000]
 total_blobs=104 nmethods=0 adapters=78
 compilation: enabled

Compilation events (0 events):
No events

GC Heap History (0 events):
No events

Deoptimization events (0 events):
No events

Internal exceptions (2 events):
Event: 0.410 Thread 0x0000000001f1e800 Exception <a 'java/lang/NoSuchMethodError': Method sun.misc.Unsafe.defineClass(Ljava/lang/String;[BII)Ljava/lang/Class; name or signature does not match> (0x00000000eab07cc0) thrown at [C:\re\workspace\8-2-build-windows-amd64-cygwin\jdk8u101\7261\hotspot\s¡s­”EÚ?
Event: 0.410 Thread 0x0000000001f1e800 Exception <a 'java/lang/NoSuchMethodError': Method sun.misc.Unsafe.prefetchRead(Ljava/lang/Object;J)V name or signature does not match> (0x00000000eab07fa8) thrown at [C:\re\workspace\8-2-build-windows-amd64-cygwin\jdk8u101\7261\hotspot\src\share\vm\prims\

Events (10 events):
Event: 0.413 loading class sun/misc/VM
Event: 0.413 loading class sun/misc/VM done
Event: 0.414 loading class java/util/Hashtable$Entry
Event: 0.414 loading class java/util/Hashtable$Entry done
Event: 0.414 loading class java/lang/Math
Event: 0.415 loading class java/lang/Math done
Event: 0.416 loading class java/lang/ref/Finalizer$FinalizerThread
Event: 0.416 loading class java/lang/ref/Finalizer$FinalizerThread done
Event: 0.416 Thread 0x0000000054df9000 Thread added: 0x0000000054df9000
Event: 0.427 loading class java/nio/charset/Charset


Dynamic libraries:
0x000000013f080000 - 0x000000013f0b7000 	C:\Program Files\Java\jdk1.8.0_101\bin\java.exe
0x0000000076f00000 - 0x00000000770aa000 	C:\windows\SYSTEM32\ntdll.dll
0x0000000076de0000 - 0x0000000076eff000 	C:\windows\system32\kernel32.dll
0x000007fefcef0000 - 0x000007fefcf5a000 	C:\windows\system32\KERNELBASE.dll
0x000007fefd7d0000 - 0x000007fefd8ab000 	C:\windows\system32\ADVAPI32.dll
0x000007fefe8b0000 - 0x000007fefe94f000 	C:\windows\system32\msvcrt.dll
0x000007fefec80000 - 0x000007fefec9f000 	C:\windows\SYSTEM32\sechost.dll
0x000007fefd3d0000 - 0x000007fefd4fd000 	C:\windows\system32\RPCRT4.dll
0x0000000076ce0000 - 0x0000000076dda000 	C:\windows\system32\USER32.dll
0x000007feff0c0000 - 0x000007feff127000 	C:\windows\system32\GDI32.dll
0x000007fefebd0000 - 0x000007fefebde000 	C:\windows\system32\LPK.dll
0x000007fefede0000 - 0x000007fefeeaa000 	C:\windows\system32\USP10.dll
0x000007fef7be0000 - 0x000007fef7dd4000 	C:\windows\WinSxS\amd64_microsoft.windows.common-controls_6595b64144ccf1df_6.0.7601.18837_none_fa3b1e3d17594757\COMCTL32.dll
0x000007fefd330000 - 0x000007fefd3a1000 	C:\windows\system32\SHLWAPI.dll
0x000007fefedb0000 - 0x000007fefedde000 	C:\windows\system32\IMM32.DLL
0x000007fefeca0000 - 0x000007fefeda9000 	C:\windows\system32\MSCTF.dll
0x000000005b940000 - 0x000000005ba12000 	C:\Program Files\Java\jdk1.8.0_101\jre\bin\msvcr100.dll
0x000000006fb40000 - 0x00000000703da000 	C:\Program Files\Java\jdk1.8.0_101\jre\bin\server\jvm.dll
0x000007fef4860000 - 0x000007fef4869000 	C:\windows\system32\WSOCK32.dll
0x000007fefd2d0000 - 0x000007fefd31d000 	C:\windows\system32\WS2_32.dll
0x000007fefd320000 - 0x000007fefd328000 	C:\windows\system32\NSI.dll
0x000007fef8090000 - 0x000007fef80cb000 	C:\windows\system32\WINMM.dll
0x000007fefbcb0000 - 0x000007fefbcbc000 	C:\windows\system32\VERSION.dll
0x00000000770c0000 - 0x00000000770c7000 	C:\windows\system32\PSAPI.DLL
0x0000000070570000 - 0x000000007057f000 	C:\Program Files\Java\jdk1.8.0_101\jre\bin\verify.dll
0x000000006d280000 - 0x000000006d2a9000 	C:\Program Files\Java\jdk1.8.0_101\jre\bin\java.dll
0x0000000070ce0000 - 0x0000000070cf6000 	C:\Program Files\Java\jdk1.8.0_101\jre\bin\zip.dll
0x000007fefdb20000 - 0x000007fefe8ac000 	C:\windows\system32\SHELL32.dll
0x000007fefeeb0000 - 0x000007feff0b3000 	C:\windows\system32\ole32.dll
0x000007fefcc30000 - 0x000007fefcc3f000 	C:\windows\system32\profapi.dll

VM Arguments:
jvm_args: -Djava.awt.headless=true -Xmx1024M -Dfile.encoding=windows-1250 -Duser.country=GB -Duser.language=en -Duser.variant 
java_command: com.android.dx.command.Main --dex --force-jumbo --num-threads=4 --multi-dex --output C:\Users\Jan\Documents\GitHub\jwdj\HackCMU16jwdj\app\build\intermediates\transforms\dex\debug\folders\1000\5\slice_4 C:\Users\Jan\Documents\GitHub\jwdj\HackCMU16jwdj\app\build\intermediates\transforms\instantRunSlicer\debug\folders\1\5\slice_4
java_class_path (initial): C:\Users\Jan\AppData\Local\Android\sdk\build-tools\24.0.2\lib\dx.jar
Launcher Type: SUN_STANDARD

Environment Variables:
PATH=C:\ProgramData\Oracle\Java\javapath;C:\Program Files\Java\jdk1.8.0_101\bin;C:\Windows\system32;C:\Program Files\Microsoft SQL Server\110\Tools\Binn\;C:\Program Files\gradle-1.12\bin;C:\ProgramData\chocolatey\bin;C:\tools\Miniconda3;C:\tools\Miniconda3\Scripts;C:\Program Files (x86)\PharosSystems\Core;C:\Program Files (x86)\PuTTY\;C:\Program Files (x86)\MiKTeX 2.9\miktex\bin\;C:\Program Files\nodejs\;C:\Program Files\Git\cmd;C:\Program Files\Git\bin;C:\windows\System32\WindowsPowerShell\v1.0\;C:\tools\cmdermini;C:\Users\Jan\AppData\Roaming\npm;C:\Program Files\Java\jdk1.8.0_101\bin
USERNAME=Jan
OS=Windows_NT
PROCESSOR_IDENTIFIER=Intel64 Family 6 Model 58 Stepping 9, GenuineIntel



---------------  S Y S T E M  ---------------

OS: Windows 7 , 64 bit Build 7601 (6.1.7601.23539)

CPU:total 4 (2 cores per cpu, 2 threads per core) family 6 model 58 stepping 9, cmov, cx8, fxsr, mmx, sse, sse2, sse3, ssse3, sse4.1, sse4.2, popcnt, avx, aes, clmul, erms, ht, tsc, tscinvbit, tscinv

Memory: 4k page, physical 3888676k(65356k free), swap 8717192k(4564k free)

vm_info: Java HotSpot(TM) 64-Bit Server VM (25.101-b13) for windows-amd64 JRE (1.8.0_101-b13), built on Jun 22 2016 01:21:29 by "java_re" with MS VC++ 10.0 (VS2010)

time: Sat Sep 17 01:57:58 2016
elapsed time: 0 seconds (0d 0h 0m 0s)

