#
# There is insufficient memory for the Java Runtime Environment to continue.
# Native memory allocation (malloc) failed to allocate 601456 bytes for Chunk::new
# Possible reasons:
#   The system is out of physical RAM or swap space
#   In 32 bit mode, the process size limit was hit
# Possible solutions:
#   Reduce memory load on the system
#   Increase physical memory or swap space
#   Check if swap backing store is full
#   Use 64 bit Java on a 64 bit OS
#   Decrease Java heap size (-Xmx/-Xms)
#   Decrease number of Java threads
#   Decrease Java thread stack sizes (-Xss)
#   Set larger code cache with -XX:ReservedCodeCacheSize=
# This output file may be truncated or incomplete.
#
#  Out of Memory Error (allocation.cpp:390), pid=3068, tid=0x00000000000017b4
#
# JRE version: Java(TM) SE Runtime Environment (8.0_101-b13) (build 1.8.0_101-b13)
# Java VM: Java HotSpot(TM) 64-Bit Server VM (25.101-b13 mixed mode windows-amd64 compressed oops)
# Failed to write core dump. Minidumps are not enabled by default on client versions of Windows
#

---------------  T H R E A D  ---------------

Current thread (0x0000000054dfb000):  JavaThread "C2 CompilerThread1" daemon [_thread_in_native, id=6068, stack(0x00000000568c0000,0x00000000569c0000)]

Stack: [0x00000000568c0000,0x00000000569c0000]
[error occurred during error reporting (printing stack bounds), id 0xc0000005]

Native frames: (J=compiled Java code, j=interpreted, Vv=VM code, C=native code)


Current CompileTask:
C2:   4643 1636       4       com.android.dx.ssa.LocalVariableExtractor::processBlock (383 bytes)


---------------  P R O C E S S  ---------------

Java Threads: ( => current thread )
  0x0000000056d69000 JavaThread "pool-2-thread-4" [_thread_blocked, id=8808, stack(0x0000000057560000,0x0000000057660000)]
  0x0000000056d66800 JavaThread "pool-2-thread-3" [_thread_blocked, id=8360, stack(0x0000000056270000,0x0000000056370000)]
  0x0000000056d62800 JavaThread "pool-2-thread-2" [_thread_blocked, id=8316, stack(0x0000000057320000,0x0000000057420000)]
  0x0000000056d62000 JavaThread "pool-3-thread-1" [_thread_blocked, id=7548, stack(0x0000000056f30000,0x0000000057030000)]
  0x0000000056c9e000 JavaThread "pool-2-thread-1" [_thread_blocked, id=6596, stack(0x00000000571d0000,0x00000000572d0000)]
  0x0000000056a53000 JavaThread "Service Thread" daemon [_thread_blocked, id=7512, stack(0x0000000056e10000,0x0000000056f10000)]
  0x0000000054dff800 JavaThread "C1 CompilerThread2" daemon [_thread_blocked, id=8728, stack(0x00000000564a0000,0x00000000565a0000)]
=>0x0000000054dfb000 JavaThread "C2 CompilerThread1" daemon [_thread_in_native, id=6068, stack(0x00000000568c0000,0x00000000569c0000)]
  0x0000000054df8000 JavaThread "C2 CompilerThread0" daemon [_thread_in_native, id=8700, stack(0x0000000056710000,0x0000000056810000)]
  0x0000000054df4000 JavaThread "Attach Listener" daemon [_thread_blocked, id=3448, stack(0x00000000565a0000,0x00000000566a0000)]
  0x0000000054df2800 JavaThread "Signal Dispatcher" daemon [_thread_blocked, id=8052, stack(0x0000000056370000,0x0000000056470000)]
  0x0000000054dd5000 JavaThread "Finalizer" daemon [_thread_blocked, id=6608, stack(0x0000000055fd0000,0x00000000560d0000)]
  0x0000000054d93800 JavaThread "Reference Handler" daemon [_thread_blocked, id=7240, stack(0x0000000056140000,0x0000000056240000)]
  0x0000000001fce800 JavaThread "main" [_thread_blocked, id=6120, stack(0x0000000002280000,0x0000000002380000)]

Other Threads:
  0x0000000054d8c000 VMThread [stack: 0x0000000055ed0000,0x0000000055fd0000] [id=7124]
  0x0000000056a5a800 WatcherThread [stack: 0x0000000057030000,0x0000000057130000] [id=4224]

VM state:not at safepoint (normal execution)

VM Mutex/Monitor currently owned by a thread: None

Heap:
 PSYoungGen      total 33280K, used 25169K [0x00000000eab00000, 0x00000000ece00000, 0x0000000100000000)
  eden space 30720K, 73% used [0x00000000eab00000,0x00000000ec1175d8,0x00000000ec900000)
  from space 2560K, 99% used [0x00000000ecb80000,0x00000000ecdfd050,0x00000000ece00000)
  to   space 2560K, 0% used [0x00000000ec900000,0x00000000ec900000,0x00000000ecb80000)
 ParOldGen       total 40960K, used 11513K [0x00000000c0000000, 0x00000000c2800000, 0x00000000eab00000)
  object space 40960K, 28% used [0x00000000c0000000,0x00000000c0b3e6d8,0x00000000c2800000)
 Metaspace       used 6122K, capacity 7088K, committed 7296K, reserved 1056768K
  class space    used 590K, capacity 616K, committed 640K, reserved 1048576K

Card table byte_map: [0x0000000011a10000,0x0000000011c20000] byte_map_base: 0x0000000011410000

Marking Bits: (ParMarkBitMap*) 0x000000007035a6d0
 Begin Bits: [0x0000000012200000, 0x0000000013200000)
 End Bits:   [0x0000000013200000, 0x0000000014200000)

Polling page: 0x0000000000110000

CodeCache: size=245760Kb used=6964Kb max_used=6964Kb free=238795Kb
 bounds [0x0000000002650000, 0x0000000002d30000, 0x0000000011650000]
 total_blobs=1883 nmethods=1619 adapters=176
 compilation: enabled

Compilation events (10 events):
Event: 4.585 Thread 0x0000000054dff800 1655       1       com.android.dx.cf.attrib.AttSourceFile::byteLength (3 bytes)
Event: 4.585 Thread 0x0000000054dff800 nmethod 1655 0x0000000002cf85d0 code [0x0000000002cf8720, 0x0000000002cf8830]
Event: 4.586 Thread 0x0000000054dff800 1656       2       com.android.dx.cf.direct.DirectClassFile::getMagic0 (9 bytes)
Event: 4.586 Thread 0x0000000054dff800 nmethod 1656 0x0000000002cf8210 code [0x0000000002cf8380, 0x0000000002cf8508]
Event: 4.586 Thread 0x0000000054dff800 1657       2       com.android.dx.command.dexer.Main::access$1700 (4 bytes)
Event: 4.586 Thread 0x0000000054dff800 nmethod 1657 0x0000000002d18250 code [0x0000000002d183a0, 0x0000000002d184d0]
Event: 4.586 Thread 0x0000000054dff800 1658       2       java.util.TreeMap$Values::size (8 bytes)
Event: 4.586 Thread 0x0000000054dff800 nmethod 1658 0x0000000002d17f10 code [0x0000000002d18060, 0x0000000002d181b0]
Event: 4.586 Thread 0x0000000054dff800 1659       2       java.util.concurrent.locks.AbstractQueuedSynchronizer::hasQueuedPredecessors (40 bytes)
Event: 4.587 Thread 0x0000000054dff800 nmethod 1659 0x0000000002d17b50 code [0x0000000002d17ca0, 0x0000000002d17e50]

GC Heap History (8 events):
Event: 0.858 GC heap before
{Heap before GC invocations=1 (full 0):
 PSYoungGen      total 17920K, used 15360K [0x00000000eab00000, 0x00000000ebf00000, 0x0000000100000000)
  eden space 15360K, 100% used [0x00000000eab00000,0x00000000eba00000,0x00000000eba00000)
  from space 2560K, 0% used [0x00000000ebc80000,0x00000000ebc80000,0x00000000ebf00000)
  to   space 2560K, 0% used [0x00000000eba00000,0x00000000eba00000,0x00000000ebc80000)
 ParOldGen       total 40960K, used 0K [0x00000000c0000000, 0x00000000c2800000, 0x00000000eab00000)
  object space 40960K, 0% used [0x00000000c0000000,0x00000000c0000000,0x00000000c2800000)
 Metaspace       used 5391K, capacity 6512K, committed 6784K, reserved 1056768K
  class space    used 584K, capacity 616K, committed 640K, reserved 1048576K
Event: 0.888 GC heap after
Heap after GC invocations=1 (full 0):
 PSYoungGen      total 17920K, used 2530K [0x00000000eab00000, 0x00000000ece00000, 0x0000000100000000)
  eden space 15360K, 0% used [0x00000000eab00000,0x00000000eab00000,0x00000000eba00000)
  from space 2560K, 98% used [0x00000000eba00000,0x00000000ebc78870,0x00000000ebc80000)
  to   space 2560K, 0% used [0x00000000ecb80000,0x00000000ecb80000,0x00000000ece00000)
 ParOldGen       total 40960K, used 710K [0x00000000c0000000, 0x00000000c2800000, 0x00000000eab00000)
  object space 40960K, 1% used [0x00000000c0000000,0x00000000c00b1a18,0x00000000c2800000)
 Metaspace       used 5391K, capacity 6512K, committed 6784K, reserved 1056768K
  class space    used 584K, capacity 616K, committed 640K, reserved 1048576K
}
Event: 1.849 GC heap before
{Heap before GC invocations=2 (full 0):
 PSYoungGen      total 17920K, used 17890K [0x00000000eab00000, 0x00000000ece00000, 0x0000000100000000)
  eden space 15360K, 100% used [0x00000000eab00000,0x00000000eba00000,0x00000000eba00000)
  from space 2560K, 98% used [0x00000000eba00000,0x00000000ebc78870,0x00000000ebc80000)
  to   space 2560K, 0% used [0x00000000ecb80000,0x00000000ecb80000,0x00000000ece00000)
 ParOldGen       total 40960K, used 710K [0x00000000c0000000, 0x00000000c2800000, 0x00000000eab00000)
  object space 40960K, 1% used [0x00000000c0000000,0x00000000c00b1a18,0x00000000c2800000)
 Metaspace       used 5879K, capacity 6896K, committed 7040K, reserved 1056768K
  class space    used 589K, capacity 616K, committed 640K, reserved 1048576K
Event: 2.095 GC heap after
Heap after GC invocations=2 (full 0):
 PSYoungGen      total 33280K, used 2528K [0x00000000eab00000, 0x00000000ece00000, 0x0000000100000000)
  eden space 30720K, 0% used [0x00000000eab00000,0x00000000eab00000,0x00000000ec900000)
  from space 2560K, 98% used [0x00000000ecb80000,0x00000000ecdf8038,0x00000000ece00000)
  to   space 2560K, 0% used [0x00000000ec900000,0x00000000ec900000,0x00000000ecb80000)
 ParOldGen       total 40960K, used 2027K [0x00000000c0000000, 0x00000000c2800000, 0x00000000eab00000)
  object space 40960K, 4% used [0x00000000c0000000,0x00000000c01faeb8,0x00000000c2800000)
 Metaspace       used 5879K, capacity 6896K, committed 7040K, reserved 1056768K
  class space    used 589K, capacity 616K, committed 640K, reserved 1048576K
}
Event: 3.366 GC heap before
{Heap before GC invocations=3 (full 0):
 PSYoungGen      total 33280K, used 33248K [0x00000000eab00000, 0x00000000ece00000, 0x0000000100000000)
  eden space 30720K, 100% used [0x00000000eab00000,0x00000000ec900000,0x00000000ec900000)
  from space 2560K, 98% used [0x00000000ecb80000,0x00000000ecdf8038,0x00000000ece00000)
  to   space 2560K, 0% used [0x00000000ec900000,0x00000000ec900000,0x00000000ecb80000)
 ParOldGen       total 40960K, used 2027K [0x00000000c0000000, 0x00000000c2800000, 0x00000000eab00000)
  object space 40960K, 4% used [0x00000000c0000000,0x00000000c01faeb8,0x00000000c2800000)
 Metaspace       used 6057K, capacity 7024K, committed 7296K, reserved 1056768K
  class space    used 590K, capacity 616K, committed 640K, reserved 1048576K
Event: 3.438 GC heap after
Heap after GC invocations=3 (full 0):
 PSYoungGen      total 33280K, used 2549K [0x00000000eab00000, 0x00000000ece00000, 0x0000000100000000)
  eden space 30720K, 0% used [0x00000000eab00000,0x00000000eab00000,0x00000000ec900000)
  from space 2560K, 99% used [0x00000000ec900000,0x00000000ecb7d770,0x00000000ecb80000)
  to   space 2560K, 0% used [0x00000000ecb80000,0x00000000ecb80000,0x00000000ece00000)
 ParOldGen       total 40960K, used 6635K [0x00000000c0000000, 0x00000000c2800000, 0x00000000eab00000)
  object space 40960K, 16% used [0x00000000c0000000,0x00000000c067afc0,0x00000000c2800000)
 Metaspace       used 6057K, capacity 7024K, committed 7296K, reserved 1056768K
  class space    used 590K, capacity 616K, committed 640K, reserved 1048576K
}
Event: 3.717 GC heap before
{Heap before GC invocations=4 (full 0):
 PSYoungGen      total 33280K, used 33269K [0x00000000eab00000, 0x00000000ece00000, 0x0000000100000000)
  eden space 30720K, 100% used [0x00000000eab00000,0x00000000ec900000,0x00000000ec900000)
  from space 2560K, 99% used [0x00000000ec900000,0x00000000ecb7d770,0x00000000ecb80000)
  to   space 2560K, 0% used [0x00000000ecb80000,0x00000000ecb80000,0x00000000ece00000)
 ParOldGen       total 40960K, used 6635K [0x00000000c0000000, 0x00000000c2800000, 0x00000000eab00000)
  object space 40960K, 16% used [0x00000000c0000000,0x00000000c067afc0,0x00000000c2800000)
 Metaspace       used 6084K, capacity 7088K, committed 7296K, reserved 1056768K
  class space    used 590K, capacity 616K, committed 640K, reserved 1048576K
Event: 3.806 GC heap after
Heap after GC invocations=4 (full 0):
 PSYoungGen      total 33280K, used 2548K [0x00000000eab00000, 0x00000000ece00000, 0x0000000100000000)
  eden space 30720K, 0% used [0x00000000eab00000,0x00000000eab00000,0x00000000ec900000)
  from space 2560K, 99% used [0x00000000ecb80000,0x00000000ecdfd050,0x00000000ece00000)
  to   space 2560K, 0% used [0x00000000ec900000,0x00000000ec900000,0x00000000ecb80000)
 ParOldGen       total 40960K, used 11513K [0x00000000c0000000, 0x00000000c2800000, 0x00000000eab00000)
  object space 40960K, 28% used [0x00000000c0000000,0x00000000c0b3e6d8,0x00000000c2800000)
 Metaspace       used 6084K, capacity 7088K, committed 7296K, reserved 1056768K
  class space    used 590K, capacity 616K, committed 640K, reserved 1048576K
}

Deoptimization events (10 events):
Event: 3.498 Thread 0x0000000001fce800 Uncommon trap: reason=uninitialized action=reinterpret pc=0x0000000002b64e20 method=com.android.dx.cf.code.BytecodeArray.parseInstruction(ILcom/android/dx/cf/code/BytecodeArray$Visitor;)I @ 1095
Event: 3.501 Thread 0x0000000001fce800 Uncommon trap: reason=bimorphic action=maybe_recompile pc=0x0000000002904c2c method=java.util.HashMap.getNode(ILjava/lang/Object;)Ljava/util/HashMap$Node; @ 126
Event: 3.540 Thread 0x0000000001fce800 Uncommon trap: reason=unstable_if action=reinterpret pc=0x000000000285e5a8 method=java.lang.String.<init>([CII)V @ 18
Event: 3.549 Thread 0x0000000056d69000 Uncommon trap: reason=class_check action=maybe_recompile pc=0x0000000002c4f960 method=com.android.dx.rop.code.RegisterSpec.withSimpleType()Lcom/android/dx/rop/code/RegisterSpec; @ 21
Event: 3.551 Thread 0x0000000056d69000 Uncommon trap: reason=class_check action=maybe_recompile pc=0x0000000002c4f960 method=com.android.dx.rop.code.RegisterSpec.withSimpleType()Lcom/android/dx/rop/code/RegisterSpec; @ 21
Event: 3.629 Thread 0x0000000056c9e000 Uncommon trap: reason=class_check action=maybe_recompile pc=0x0000000002c4f960 method=com.android.dx.rop.code.RegisterSpec.withSimpleType()Lcom/android/dx/rop/code/RegisterSpec; @ 21
Event: 3.632 Thread 0x0000000056c9e000 Uncommon trap: reason=class_check action=maybe_recompile pc=0x0000000002c4f960 method=com.android.dx.rop.code.RegisterSpec.withSimpleType()Lcom/android/dx/rop/code/RegisterSpec; @ 21
Event: 3.820 Thread 0x0000000056c9e000 Uncommon trap: reason=unstable_if action=reinterpret pc=0x0000000002b55190 method=com.android.dx.ssa.SCCP.simulateStmt(Lcom/android/dx/ssa/SsaInsn;)V @ 53
Event: 3.865 Thread 0x0000000056d62800 Uncommon trap: reason=unstable_if action=reinterpret pc=0x0000000002aad4ac method=com.android.dx.util.IntList.binarysearch(I)I @ 105
Event: 4.055 Thread 0x0000000001fce800 Uncommon trap: reason=unloaded action=reinterpret pc=0x0000000002c9f0a8 method=com.android.dx.cf.cst.ConstantPoolParser.parse0(ILjava/util/BitSet;)Lcom/android/dx/rop/cst/Constant; @ 198

Internal exceptions (2 events):
Event: 0.086 Thread 0x0000000001fce800 Exception <a 'java/lang/NoSuchMethodError': Method sun.misc.Unsafe.defineClass(Ljava/lang/String;[BII)Ljava/lang/Class; name or signature does not match> (0x00000000eab07cc0) thrown at [C:\re\workspace\8-2-build-windows-amd64-cygwin\jdk8u101\7261\hotspot\sËgËsO¶?
Event: 0.086 Thread 0x0000000001fce800 Exception <a 'java/lang/NoSuchMethodError': Method sun.misc.Unsafe.prefetchRead(Ljava/lang/Object;J)V name or signature does not match> (0x00000000eab07fa8) thrown at [C:\re\workspace\8-2-build-windows-amd64-cygwin\jdk8u101\7261\hotspot\src\share\vm\prims\

Events (10 events):
Event: 3.820 Thread 0x0000000056c9e000 DEOPT PACKING pc=0x0000000002b55190 sp=0x00000000572ceb30
Event: 3.820 Thread 0x0000000056c9e000 DEOPT UNPACKING pc=0x000000000269582a sp=0x00000000572ceb18 mode 2
Event: 3.865 Thread 0x0000000056d62800 Uncommon trap: trap_request=0xffffff65 fr.pc=0x0000000002aad4ac
Event: 3.865 Thread 0x0000000056d62800 DEOPT PACKING pc=0x0000000002aad4ac sp=0x000000005741eac0
Event: 3.865 Thread 0x0000000056d62800 DEOPT UNPACKING pc=0x000000000269582a sp=0x000000005741ea38 mode 2
Event: 4.055 Thread 0x0000000001fce800 Uncommon trap: trap_request=0x000000d2 fr.pc=0x0000000002c9f0a8
Event: 4.055 Thread 0x0000000001fce800 DEOPT PACKING pc=0x0000000002c9f0a8 sp=0x000000000237e7d0
Event: 4.055 Thread 0x0000000001fce800 DEOPT UNPACKING pc=0x000000000269582a sp=0x000000000237e828 mode 2
Event: 4.310 Executing VM operation: EnableBiasedLocking
Event: 4.310 Executing VM operation: EnableBiasedLocking done


Dynamic libraries:
0x000000013f4d0000 - 0x000000013f507000 	C:\Program Files\Java\jdk1.8.0_101\bin\java.exe
0x0000000076f00000 - 0x00000000770aa000 	C:\windows\SYSTEM32\ntdll.dll
0x0000000076de0000 - 0x0000000076eff000 	C:\windows\system32\kernel32.dll
0x000007fefcef0000 - 0x000007fefcf5a000 	C:\windows\system32\KERNELBASE.dll
0x000007fefd7d0000 - 0x000007fefd8ab000 	C:\windows\system32\ADVAPI32.dll
0x000007fefe8b0000 - 0x000007fefe94f000 	C:\windows\system32\msvcrt.dll
0x000007fefec80000 - 0x000007fefec9f000 	C:\windows\SYSTEM32\sechost.dll
0x000007fefd3d0000 - 0x000007fefd4fd000 	C:\windows\system32\RPCRT4.dll
0x0000000076ce0000 - 0x0000000076dda000 	C:\windows\system32\USER32.dll
0x000007feff0c0000 - 0x000007feff127000 	C:\windows\system32\GDI32.dll
0x000007fefebd0000 - 0x000007fefebde000 	C:\windows\system32\LPK.dll
0x000007fefede0000 - 0x000007fefeeaa000 	C:\windows\system32\USP10.dll
0x000007fef7be0000 - 0x000007fef7dd4000 	C:\windows\WinSxS\amd64_microsoft.windows.common-controls_6595b64144ccf1df_6.0.7601.18837_none_fa3b1e3d17594757\COMCTL32.dll
0x000007fefd330000 - 0x000007fefd3a1000 	C:\windows\system32\SHLWAPI.dll
0x000007fefedb0000 - 0x000007fefedde000 	C:\windows\system32\IMM32.DLL
0x000007fefeca0000 - 0x000007fefeda9000 	C:\windows\system32\MSCTF.dll
0x000000005b940000 - 0x000000005ba12000 	C:\Program Files\Java\jdk1.8.0_101\jre\bin\msvcr100.dll
0x000000006fb40000 - 0x00000000703da000 	C:\Program Files\Java\jdk1.8.0_101\jre\bin\server\jvm.dll
0x000007fef4860000 - 0x000007fef4869000 	C:\windows\system32\WSOCK32.dll
0x000007fefd2d0000 - 0x000007fefd31d000 	C:\windows\system32\WS2_32.dll
0x000007fefd320000 - 0x000007fefd328000 	C:\windows\system32\NSI.dll
0x000007fef8090000 - 0x000007fef80cb000 	C:\windows\system32\WINMM.dll
0x000007fefbcb0000 - 0x000007fefbcbc000 	C:\windows\system32\VERSION.dll
0x00000000770c0000 - 0x00000000770c7000 	C:\windows\system32\PSAPI.DLL
0x0000000070570000 - 0x000000007057f000 	C:\Program Files\Java\jdk1.8.0_101\jre\bin\verify.dll
0x000000006d280000 - 0x000000006d2a9000 	C:\Program Files\Java\jdk1.8.0_101\jre\bin\java.dll
0x0000000070ce0000 - 0x0000000070cf6000 	C:\Program Files\Java\jdk1.8.0_101\jre\bin\zip.dll
0x000007fefdb20000 - 0x000007fefe8ac000 	C:\windows\system32\SHELL32.dll
0x000007fefeeb0000 - 0x000007feff0b3000 	C:\windows\system32\ole32.dll
0x000007fefcc30000 - 0x000007fefcc3f000 	C:\windows\system32\profapi.dll

VM Arguments:
jvm_args: -Djava.awt.headless=true -Xmx1024M -Dfile.encoding=windows-1250 -Duser.country=GB -Duser.language=en -Duser.variant 
java_command: com.android.dx.command.Main --dex --force-jumbo --num-threads=4 --multi-dex --output C:\Users\Jan\Documents\GitHub\jwdj\HackCMU16jwdj\app\build\intermediates\transforms\dex\debug\folders\1000\10\com.android.support-appcompat-v7-24.2.1_7c304a58a1990f6a5559eb40b3a67e92e05f3e14 C:\Users\Jan\Documents\GitHub\jwdj\HackCMU16jwdj\app\build\intermediates\exploded-aar\com.android.support\appcompat-v7\24.2.1\jars\classes.jar
java_class_path (initial): C:\Users\Jan\AppData\Local\Android\sdk\build-tools\24.0.2\lib\dx.jar
Launcher Type: SUN_STANDARD

Environment Variables:
PATH=C:\ProgramData\Oracle\Java\javapath;C:\Program Files\Java\jdk1.8.0_101\bin;C:\Windows\system32;C:\Program Files\Microsoft SQL Server\110\Tools\Binn\;C:\Program Files\gradle-1.12\bin;C:\ProgramData\chocolatey\bin;C:\tools\Miniconda3;C:\tools\Miniconda3\Scripts;C:\Program Files (x86)\PharosSystems\Core;C:\Program Files (x86)\PuTTY\;C:\Program Files (x86)\MiKTeX 2.9\miktex\bin\;C:\Program Files\nodejs\;C:\Program Files\Git\cmd;C:\Program Files\Git\bin;C:\windows\System32\WindowsPowerShell\v1.0\;C:\tools\cmdermini;C:\Users\Jan\AppData\Roaming\npm;C:\Program Files\Java\jdk1.8.0_101\bin
USERNAME=Jan
OS=Windows_NT
PROCESSOR_IDENTIFIER=Intel64 Family 6 Model 58 Stepping 9, GenuineIntel



---------------  S Y S T E M  ---------------

OS: Windows 7 , 64 bit Build 7601 (6.1.7601.23539)

CPU:total 4 (2 cores per cpu, 2 threads per core) family 6 model 58 stepping 9, cmov, cx8, fxsr, mmx, sse, sse2, sse3, ssse3, sse4.1, sse4.2, popcnt, avx, aes, clmul, erms, ht, tsc, tscinvbit, tscinv

Memory: 4k page, physical 3888676k(45436k free), swap 8717192k(4388k free)

vm_info: Java HotSpot(TM) 64-Bit Server VM (25.101-b13) for windows-amd64 JRE (1.8.0_101-b13), built on Jun 22 2016 01:21:29 by "java_re" with MS VC++ 10.0 (VS2010)

time: Sat Sep 17 01:50:11 2016
elapsed time: 4 seconds (0d 0h 0m 4s)

